2015-05-23 15:14:22.269+0000 INFO  [o.n.s.CommunityNeoServer]: Setting startup timeout to: 120000ms based on 120000
2015-05-23 15:14:22.519+0000 INFO  [o.n.k.InternalAbstractGraphDatabase]: No locking implementation specified, defaulting to 'community'
2015-05-23 15:14:22.584+0000 INFO  [o.n.k.i.DiagnosticsManager]: --- INITIALIZED diagnostics START ---
2015-05-23 15:14:22.585+0000 INFO  [o.n.k.i.DiagnosticsManager]: Neo4j Kernel properties:
2015-05-23 15:14:22.588+0000 INFO  [o.n.k.i.DiagnosticsManager]: store_dir=/home/clarence/movieNeo4j/data/graph.db
2015-05-23 15:14:22.588+0000 INFO  [o.n.k.i.DiagnosticsManager]: remote_shell_enabled=true
2015-05-23 15:14:22.589+0000 INFO  [o.n.k.i.DiagnosticsManager]: Diagnostics providers:
2015-05-23 15:14:22.589+0000 INFO  [o.n.k.i.DiagnosticsManager]: org.neo4j.kernel.configuration.Config
2015-05-23 15:14:22.589+0000 INFO  [o.n.k.i.DiagnosticsManager]: org.neo4j.kernel.info.DiagnosticsManager
2015-05-23 15:14:22.589+0000 INFO  [o.n.k.i.DiagnosticsManager]: SYSTEM_MEMORY
2015-05-23 15:14:22.589+0000 INFO  [o.n.k.i.DiagnosticsManager]: JAVA_MEMORY
2015-05-23 15:14:22.589+0000 INFO  [o.n.k.i.DiagnosticsManager]: OPERATING_SYSTEM
2015-05-23 15:14:22.589+0000 INFO  [o.n.k.i.DiagnosticsManager]: JAVA_VIRTUAL_MACHINE
2015-05-23 15:14:22.589+0000 INFO  [o.n.k.i.DiagnosticsManager]: CLASSPATH
2015-05-23 15:14:22.589+0000 INFO  [o.n.k.i.DiagnosticsManager]: LIBRARY_PATH
2015-05-23 15:14:22.589+0000 INFO  [o.n.k.i.DiagnosticsManager]: SYSTEM_PROPERTIES
2015-05-23 15:14:22.589+0000 INFO  [o.n.k.i.DiagnosticsManager]: LINUX_SCHEDULERS
2015-05-23 15:14:22.589+0000 INFO  [o.n.k.i.DiagnosticsManager]: NETWORK
2015-05-23 15:14:22.590+0000 INFO  [o.n.k.i.DiagnosticsManager]: System memory information:
2015-05-23 15:14:22.592+0000 INFO  [o.n.k.i.DiagnosticsManager]: Total Physical memory: 7.70 GB
2015-05-23 15:14:22.592+0000 INFO  [o.n.k.i.DiagnosticsManager]: Free Physical memory: 2.79 GB
2015-05-23 15:14:22.592+0000 INFO  [o.n.k.i.DiagnosticsManager]: Committed virtual memory: 3.22 GB
2015-05-23 15:14:22.593+0000 INFO  [o.n.k.i.DiagnosticsManager]: Total swap space: 23.16 GB
2015-05-23 15:14:22.593+0000 INFO  [o.n.k.i.DiagnosticsManager]: Free swap space: 23.16 GB
2015-05-23 15:14:22.593+0000 INFO  [o.n.k.i.DiagnosticsManager]: JVM memory information:
2015-05-23 15:14:22.593+0000 INFO  [o.n.k.i.DiagnosticsManager]: Free  memory: 66.16 MB
2015-05-23 15:14:22.593+0000 INFO  [o.n.k.i.DiagnosticsManager]: Total memory: 119.25 MB
2015-05-23 15:14:22.594+0000 INFO  [o.n.k.i.DiagnosticsManager]: Max   memory: 1.90 GB
2015-05-23 15:14:22.595+0000 INFO  [o.n.k.i.DiagnosticsManager]: Garbage Collector: ParNew: [Par Eden Space, Par Survivor Space]
2015-05-23 15:14:22.595+0000 INFO  [o.n.k.i.DiagnosticsManager]: Garbage Collector: ConcurrentMarkSweep: [Par Eden Space, Par Survivor Space, CMS Old Gen, CMS Perm Gen]
2015-05-23 15:14:22.596+0000 INFO  [o.n.k.i.DiagnosticsManager]: Memory Pool: Code Cache (Non-heap memory): committed=2.44 MB, used=702.88 kB, max=48.00 MB, threshold=0.00 B
2015-05-23 15:14:22.596+0000 INFO  [o.n.k.i.DiagnosticsManager]: Memory Pool: Par Eden Space (Heap memory): committed=32.94 MB, used=17.93 MB, max=266.25 MB, threshold=?
2015-05-23 15:14:22.597+0000 INFO  [o.n.k.i.DiagnosticsManager]: Memory Pool: Par Survivor Space (Heap memory): committed=4.06 MB, used=4.06 MB, max=33.25 MB, threshold=?
2015-05-23 15:14:22.597+0000 INFO  [o.n.k.i.DiagnosticsManager]: Memory Pool: CMS Old Gen (Heap memory): committed=82.25 MB, used=31.09 MB, max=1.60 GB, threshold=0.00 B
2015-05-23 15:14:22.598+0000 INFO  [o.n.k.i.DiagnosticsManager]: Memory Pool: CMS Perm Gen (Non-heap memory): committed=20.75 MB, used=12.44 MB, max=82.00 MB, threshold=0.00 B
2015-05-23 15:14:22.598+0000 INFO  [o.n.k.i.DiagnosticsManager]: Operating system information:
2015-05-23 15:14:22.598+0000 INFO  [o.n.k.i.DiagnosticsManager]: Operating System: Linux; version: 3.13.0-49-generic; arch: amd64; cpus: 4
2015-05-23 15:14:22.598+0000 INFO  [o.n.k.i.DiagnosticsManager]: Max number of file descriptors: 4096
2015-05-23 15:14:22.598+0000 INFO  [o.n.k.i.DiagnosticsManager]: Number of open file descriptors: 73
2015-05-23 15:14:22.599+0000 INFO  [o.n.k.i.DiagnosticsManager]: Process id: 15640@datasciencecentral
2015-05-23 15:14:22.599+0000 INFO  [o.n.k.i.DiagnosticsManager]: Byte order: LITTLE_ENDIAN
2015-05-23 15:14:22.599+0000 INFO  [o.n.k.i.DiagnosticsManager]: Local timezone: Asia/Kolkata
2015-05-23 15:14:22.599+0000 INFO  [o.n.k.i.DiagnosticsManager]: JVM information:
2015-05-23 15:14:22.599+0000 INFO  [o.n.k.i.DiagnosticsManager]: VM Name: Java HotSpot(TM) 64-Bit Server VM
2015-05-23 15:14:22.599+0000 INFO  [o.n.k.i.DiagnosticsManager]: VM Vendor: Oracle Corporation
2015-05-23 15:14:22.599+0000 INFO  [o.n.k.i.DiagnosticsManager]: VM Version: 24.80-b11
2015-05-23 15:14:22.599+0000 INFO  [o.n.k.i.DiagnosticsManager]: JIT compiler: HotSpot 64-Bit Tiered Compilers
2015-05-23 15:14:22.599+0000 INFO  [o.n.k.i.DiagnosticsManager]: VM Arguments: [-XX:+DisableExplicitGC, -Dorg.neo4j.server.properties=conf/neo4j-server.properties, -Djava.util.logging.config.file=conf/logging.properties, -Dlog4j.configuration=file:conf/log4j.properties, -XX:+UseConcMarkSweepGC, -XX:+CMSClassUnloadingEnabled, -XX:-OmitStackTraceInFastThrow, -XX:hashCode=5, -Dneo4j.ext.udc.source=tarball, -Dneo4j.home=/home/clarence/movieNeo4j, -Dneo4j.instance=/home/clarence/movieNeo4j, -Dfile.encoding=UTF-8]
2015-05-23 15:14:22.600+0000 INFO  [o.n.k.i.DiagnosticsManager]: Java classpath:
2015-05-23 15:14:22.601+0000 INFO  [o.n.k.i.DiagnosticsManager]:  [loader.1] file:/usr/lib/jvm/java-7-oracle/jre/lib/ext/sunjce_provider.jar
2015-05-23 15:14:22.601+0000 INFO  [o.n.k.i.DiagnosticsManager]:  [classpath + loader.0] file:/home/clarence/movieNeo4j/lib/org.apache.servicemix.bundles.jline-0.9.94_1.jar
2015-05-23 15:14:22.601+0000 INFO  [o.n.k.i.DiagnosticsManager]:  [bootstrap] /usr/lib/jvm/java-7-oracle/jre/classes
2015-05-23 15:14:22.601+0000 INFO  [o.n.k.i.DiagnosticsManager]:  [classpath + loader.0] file:/home/clarence/movieNeo4j/system/lib/commons-beanutils-1.8.3.jar
2015-05-23 15:14:22.601+0000 INFO  [o.n.k.i.DiagnosticsManager]:  [classpath + loader.0] file:/home/clarence/movieNeo4j/lib/neo4j-shell-2.2.2.jar
2015-05-23 15:14:22.601+0000 INFO  [o.n.k.i.DiagnosticsManager]:  [classpath + loader.0] file:/home/clarence/movieNeo4j/system/lib/commons-configuration-1.10.jar
2015-05-23 15:14:22.602+0000 INFO  [o.n.k.i.DiagnosticsManager]:  [classpath + loader.0] file:/home/clarence/movieNeo4j/system/lib/mimepull-1.9.3.jar
2015-05-23 15:14:22.602+0000 INFO  [o.n.k.i.DiagnosticsManager]:  [classpath + loader.0] file:/home/clarence/movieNeo4j/system/lib/rrd4j-2.2.jar
2015-05-23 15:14:22.602+0000 INFO  [o.n.k.i.DiagnosticsManager]:  [classpath + loader.0] file:/home/clarence/movieNeo4j/system/lib/jackson-mapper-asl-1.9.13.jar
2015-05-23 15:14:22.602+0000 INFO  [o.n.k.i.DiagnosticsManager]:  [classpath + loader.0] file:/home/clarence/movieNeo4j/lib/neo4j-jmx-2.2.2.jar
2015-05-23 15:14:22.602+0000 INFO  [o.n.k.i.DiagnosticsManager]:  [classpath + loader.0] file:/home/clarence/movieNeo4j/lib/concurrentlinkedhashmap-lru-1.4.jar
2015-05-23 15:14:22.602+0000 INFO  [o.n.k.i.DiagnosticsManager]:  [classpath + loader.0] file:/home/clarence/movieNeo4j/system/lib/jetty-servlet-9.2.4.v20141103.jar
2015-05-23 15:14:22.602+0000 INFO  [o.n.k.i.DiagnosticsManager]:  [classpath + loader.0] file:/home/clarence/movieNeo4j/lib/neo4j-lucene-index-2.2.2.jar
2015-05-23 15:14:22.602+0000 INFO  [o.n.k.i.DiagnosticsManager]:  [classpath + loader.0] file:/home/clarence/movieNeo4j/system/lib/javax.servlet-api-3.1.0.jar
2015-05-23 15:14:22.602+0000 INFO  [o.n.k.i.DiagnosticsManager]:  [bootstrap] /usr/lib/jvm/java-7-oracle/jre/lib/jce.jar
2015-05-23 15:14:22.602+0000 INFO  [o.n.k.i.DiagnosticsManager]:  [classpath + loader.0] file:/home/clarence/movieNeo4j/system/lib/jersey-server-1.18.1.jar
2015-05-23 15:14:22.602+0000 INFO  [o.n.k.i.DiagnosticsManager]:  [classpath + loader.0] file:/home/clarence/movieNeo4j/system/lib/logback-classic-1.1.2.jar
2015-05-23 15:14:22.602+0000 INFO  [o.n.k.i.DiagnosticsManager]:  [classpath + loader.0] file:/home/clarence/movieNeo4j/lib/parboiled-core-1.1.7.jar
2015-05-23 15:14:22.602+0000 INFO  [o.n.k.i.DiagnosticsManager]:  [classpath + loader.0] file:/home/clarence/movieNeo4j/system/lib/jetty-util-9.2.4.v20141103.jar
2015-05-23 15:14:22.602+0000 INFO  [o.n.k.i.DiagnosticsManager]:  [classpath + loader.0] file:/home/clarence/movieNeo4j/system/lib/jersey-core-1.18.1.jar
2015-05-23 15:14:22.602+0000 INFO  [o.n.k.i.DiagnosticsManager]:  [classpath + loader.0] file:/home/clarence/movieNeo4j/lib/lucene-core-3.6.2.jar
2015-05-23 15:14:22.602+0000 INFO  [o.n.k.i.DiagnosticsManager]:  [classpath + loader.0] file:/home/clarence/movieNeo4j/system/lib/jetty-io-9.2.4.v20141103.jar
2015-05-23 15:14:22.602+0000 INFO  [o.n.k.i.DiagnosticsManager]:  [bootstrap] /usr/lib/jvm/java-7-oracle/jre/lib/jfr.jar
2015-05-23 15:14:22.602+0000 INFO  [o.n.k.i.DiagnosticsManager]:  [classpath + loader.0] file:/home/clarence/movieNeo4j/lib/neo4j-cypher-compiler-2.1-2.1.8.jar
2015-05-23 15:14:22.602+0000 INFO  [o.n.k.i.DiagnosticsManager]:  [classpath + loader.0] file:/home/clarence/movieNeo4j/system/lib/logback-core-1.1.2.jar
2015-05-23 15:14:22.602+0000 INFO  [o.n.k.i.DiagnosticsManager]:  [classpath + loader.0] file:/home/clarence/movieNeo4j/lib/neo4j-graph-algo-2.2.2.jar
2015-05-23 15:14:22.602+0000 INFO  [o.n.k.i.DiagnosticsManager]:  [bootstrap] /usr/lib/jvm/java-7-oracle/jre/lib/sunrsasign.jar
2015-05-23 15:14:22.602+0000 INFO  [o.n.k.i.DiagnosticsManager]:  [classpath + loader.0] file:/home/clarence/movieNeo4j/lib/neo4j-csv-2.2.2.jar
2015-05-23 15:14:22.602+0000 INFO  [o.n.k.i.DiagnosticsManager]:  [classpath + loader.0] file:/home/clarence/movieNeo4j/system/lib/jetty-http-9.2.4.v20141103.jar
2015-05-23 15:14:22.602+0000 INFO  [o.n.k.i.DiagnosticsManager]:  [classpath + loader.0] file:/home/clarence/movieNeo4j/system/lib/janino-2.6.1.jar
2015-05-23 15:14:22.602+0000 INFO  [o.n.k.i.DiagnosticsManager]:  [classpath + loader.0] file:/home/clarence/movieNeo4j/system/lib/jackson-core-asl-1.9.13.jar
2015-05-23 15:14:22.603+0000 INFO  [o.n.k.i.DiagnosticsManager]:  [classpath + loader.0] file:/home/clarence/movieNeo4j/system/lib/jsr311-api-1.1.2.r612.jar
2015-05-23 15:14:22.603+0000 INFO  [o.n.k.i.DiagnosticsManager]:  [classpath + loader.0] file:/home/clarence/movieNeo4j/lib/parboiled-scala_2.10-1.1.7.jar
2015-05-23 15:14:22.603+0000 INFO  [o.n.k.i.DiagnosticsManager]:  [classpath + loader.0] file:/home/clarence/movieNeo4j/system/lib/commons-digester-2.1.jar
2015-05-23 15:14:22.603+0000 INFO  [o.n.k.i.DiagnosticsManager]:  [classpath + loader.0] file:/home/clarence/movieNeo4j/system/lib/jetty-security-9.2.4.v20141103.jar
2015-05-23 15:14:22.603+0000 INFO  [o.n.k.i.DiagnosticsManager]:  [classpath + loader.0] file:/home/clarence/movieNeo4j/system/lib/neo4j-server-2.2.2.jar
2015-05-23 15:14:22.603+0000 INFO  [o.n.k.i.DiagnosticsManager]:  [classpath + loader.0] file:/home/clarence/movieNeo4j/system/lib/jetty-webapp-9.2.4.v20141103.jar
2015-05-23 15:14:22.603+0000 INFO  [o.n.k.i.DiagnosticsManager]:  [classpath + loader.0] file:/home/clarence/movieNeo4j/system/lib/commons-compiler-2.6.1.jar
2015-05-23 15:14:22.603+0000 INFO  [o.n.k.i.DiagnosticsManager]:  [classpath + loader.0] file:/home/clarence/movieNeo4j/conf/
2015-05-23 15:14:22.603+0000 INFO  [o.n.k.i.DiagnosticsManager]:  [classpath + loader.0] file:/home/clarence/movieNeo4j/lib/neo4j-import-tool-2.2.2.jar
2015-05-23 15:14:22.603+0000 INFO  [o.n.k.i.DiagnosticsManager]:  [classpath + loader.0] file:/home/clarence/movieNeo4j/system/lib/jersey-multipart-1.18.1.jar
2015-05-23 15:14:22.603+0000 INFO  [o.n.k.i.DiagnosticsManager]:  [classpath + loader.0] file:/home/clarence/movieNeo4j/system/lib/jackson-jaxrs-1.9.13.jar
2015-05-23 15:14:22.603+0000 INFO  [o.n.k.i.DiagnosticsManager]:  [classpath + loader.0] file:/home/clarence/movieNeo4j/lib/neo4j-cypher-compiler-1.9-2.0.4.jar
2015-05-23 15:14:22.603+0000 INFO  [o.n.k.i.DiagnosticsManager]:  [classpath + loader.0] file:/home/clarence/movieNeo4j/lib/neo4j-kernel-2.2.2.jar
2015-05-23 15:14:22.603+0000 INFO  [o.n.k.i.DiagnosticsManager]:  [classpath + loader.0] file:/home/clarence/movieNeo4j/system/lib/commons-lang-2.6.jar
2015-05-23 15:14:22.603+0000 INFO  [o.n.k.i.DiagnosticsManager]:  [bootstrap] /usr/lib/jvm/java-7-oracle/jre/lib/jsse.jar
2015-05-23 15:14:22.603+0000 INFO  [o.n.k.i.DiagnosticsManager]:  [classpath + loader.0] file:/home/clarence/movieNeo4j/system/lib/logback-access-1.1.2.jar
2015-05-23 15:14:22.603+0000 INFO  [o.n.k.i.DiagnosticsManager]:  [classpath + loader.0] file:/home/clarence/movieNeo4j/lib/scala-library-2.10.5.jar
2015-05-23 15:14:22.603+0000 INFO  [o.n.k.i.DiagnosticsManager]:  [loader.1] file:/usr/lib/jvm/java-7-oracle/jre/lib/ext/localedata.jar
2015-05-23 15:14:22.603+0000 INFO  [o.n.k.i.DiagnosticsManager]:  [classpath + loader.0] file:/home/clarence/movieNeo4j/lib/opencsv-2.3.jar
2015-05-23 15:14:22.603+0000 INFO  [o.n.k.i.DiagnosticsManager]:  [classpath + loader.0] file:/home/clarence/movieNeo4j/system/lib/scala-reflect-2.10.5.jar
2015-05-23 15:14:22.603+0000 INFO  [o.n.k.i.DiagnosticsManager]:  [loader.1] file:/usr/lib/jvm/java-7-oracle/jre/lib/ext/sunpkcs11.jar
2015-05-23 15:14:22.603+0000 INFO  [o.n.k.i.DiagnosticsManager]:  [loader.1] file:/usr/lib/jvm/java-7-oracle/jre/lib/ext/dnsns.jar
2015-05-23 15:14:22.603+0000 INFO  [o.n.k.i.DiagnosticsManager]:  [classpath + loader.0] file:/home/clarence/movieNeo4j/lib/neo4j-unsafe-2.2.2.jar
2015-05-23 15:14:22.604+0000 INFO  [o.n.k.i.DiagnosticsManager]:  [classpath + loader.0] file:/home/clarence/movieNeo4j/system/lib/jetty-server-9.2.4.v20141103.jar
2015-05-23 15:14:22.604+0000 INFO  [o.n.k.i.DiagnosticsManager]:  [classpath + loader.0] file:/home/clarence/movieNeo4j/system/lib/jersey-servlet-1.18.1.jar
2015-05-23 15:14:22.604+0000 INFO  [o.n.k.i.DiagnosticsManager]:  [classpath + loader.0] file:/home/clarence/movieNeo4j/lib/neo4j-cypher-compiler-2.0-2.0.4.jar
2015-05-23 15:14:22.604+0000 INFO  [o.n.k.i.DiagnosticsManager]:  [classpath + loader.0] file:/home/clarence/movieNeo4j/system/lib/jcl-over-slf4j-1.7.7.jar
2015-05-23 15:14:22.604+0000 INFO  [o.n.k.i.DiagnosticsManager]:  [classpath + loader.0] file:/home/clarence/movieNeo4j/system/lib/jetty-xml-9.2.4.v20141103.jar
2015-05-23 15:14:22.604+0000 INFO  [o.n.k.i.DiagnosticsManager]:  [bootstrap] /usr/lib/jvm/java-7-oracle/jre/lib/resources.jar
2015-05-23 15:14:22.604+0000 INFO  [o.n.k.i.DiagnosticsManager]:  [classpath + loader.0] file:/home/clarence/movieNeo4j/system/lib/slf4j-api-1.7.7.jar
2015-05-23 15:14:22.604+0000 INFO  [o.n.k.i.DiagnosticsManager]:  [loader.1] file:/usr/lib/jvm/java-7-oracle/jre/lib/ext/zipfs.jar
2015-05-23 15:14:22.604+0000 INFO  [o.n.k.i.DiagnosticsManager]:  [classpath + loader.0] file:/home/clarence/movieNeo4j/system/lib/bcprov-jdk16-140.jar
2015-05-23 15:14:22.604+0000 INFO  [o.n.k.i.DiagnosticsManager]:  [classpath + loader.0] file:/home/clarence/movieNeo4j/lib/neo4j-udc-2.2.2.jar
2015-05-23 15:14:22.604+0000 INFO  [o.n.k.i.DiagnosticsManager]:  [classpath + loader.0] file:/home/clarence/movieNeo4j/system/lib/neo4j-server-2.2.2-static-web.jar
2015-05-23 15:14:22.604+0000 INFO  [o.n.k.i.DiagnosticsManager]:  [classpath + loader.0] file:/home/clarence/movieNeo4j/lib/neo4j-consistency-check-2.2.2.jar
2015-05-23 15:14:22.604+0000 INFO  [o.n.k.i.DiagnosticsManager]:  [classpath + loader.0] file:/home/clarence/movieNeo4j/lib/neo4j-cypher-compiler-2.2-2.2.2.jar
2015-05-23 15:14:22.604+0000 INFO  [o.n.k.i.DiagnosticsManager]:  [classpath + loader.0] file:/home/clarence/movieNeo4j/lib/neo4j-io-2.2.2.jar
2015-05-23 15:14:22.604+0000 INFO  [o.n.k.i.DiagnosticsManager]:  [classpath + loader.0] file:/home/clarence/movieNeo4j/lib/neo4j-primitive-collections-2.2.2.jar
2015-05-23 15:14:22.604+0000 INFO  [o.n.k.i.DiagnosticsManager]:  [classpath + loader.0] file:/home/clarence/movieNeo4j/lib/neo4j-cypher-2.2.2.jar
2015-05-23 15:14:22.604+0000 INFO  [o.n.k.i.DiagnosticsManager]:  [bootstrap] /usr/lib/jvm/java-7-oracle/jre/lib/rt.jar
2015-05-23 15:14:22.604+0000 INFO  [o.n.k.i.DiagnosticsManager]:  [loader.1] file:/usr/lib/jvm/java-7-oracle/jre/lib/ext/sunec.jar
2015-05-23 15:14:22.604+0000 INFO  [o.n.k.i.DiagnosticsManager]:  [classpath + loader.0] file:/home/clarence/movieNeo4j/system/lib/neo4j-browser-2.2.2.jar
2015-05-23 15:14:22.604+0000 INFO  [o.n.k.i.DiagnosticsManager]:  [classpath + loader.0] file:/home/clarence/movieNeo4j/system/lib/rhino-1.7R4.jar
2015-05-23 15:14:22.604+0000 INFO  [o.n.k.i.DiagnosticsManager]:  [classpath + loader.0] file:/home/clarence/movieNeo4j/system/lib/commons-io-2.4.jar
2015-05-23 15:14:22.604+0000 INFO  [o.n.k.i.DiagnosticsManager]:  [classpath + loader.0] file:/home/clarence/movieNeo4j/system/lib/commons-logging-1.1.1.jar
2015-05-23 15:14:22.605+0000 INFO  [o.n.k.i.DiagnosticsManager]:  [classpath + loader.0] file:/home/clarence/movieNeo4j/lib/server-api-2.2.2.jar
2015-05-23 15:14:22.605+0000 INFO  [o.n.k.i.DiagnosticsManager]:  [classpath + loader.0] file:/home/clarence/movieNeo4j/lib/neo4j-graph-matching-2.2.2.jar
2015-05-23 15:14:22.605+0000 INFO  [o.n.k.i.DiagnosticsManager]:  [bootstrap] /usr/lib/jvm/java-7-oracle/jre/lib/charsets.jar
2015-05-23 15:14:22.605+0000 INFO  [o.n.k.i.DiagnosticsManager]: Library path:
2015-05-23 15:14:22.605+0000 INFO  [o.n.k.i.DiagnosticsManager]: /usr/java/packages/lib/amd64
2015-05-23 15:14:22.605+0000 INFO  [o.n.k.i.DiagnosticsManager]: /usr/lib64
2015-05-23 15:14:22.605+0000 INFO  [o.n.k.i.DiagnosticsManager]: /lib64
2015-05-23 15:14:22.605+0000 INFO  [o.n.k.i.DiagnosticsManager]: /lib
2015-05-23 15:14:22.605+0000 INFO  [o.n.k.i.DiagnosticsManager]: /usr/lib
2015-05-23 15:14:22.605+0000 INFO  [o.n.k.i.DiagnosticsManager]: System.properties:
2015-05-23 15:14:22.605+0000 INFO  [o.n.k.i.DiagnosticsManager]: sun.boot.library.path = /usr/lib/jvm/java-7-oracle/jre/lib/amd64
2015-05-23 15:14:22.606+0000 INFO  [o.n.k.i.DiagnosticsManager]: org.neo4j.server.properties = conf/neo4j-server.properties
2015-05-23 15:14:22.606+0000 INFO  [o.n.k.i.DiagnosticsManager]: path.separator = :
2015-05-23 15:14:22.606+0000 INFO  [o.n.k.i.DiagnosticsManager]: file.encoding.pkg = sun.io
2015-05-23 15:14:22.606+0000 INFO  [o.n.k.i.DiagnosticsManager]: user.country = IN
2015-05-23 15:14:22.606+0000 INFO  [o.n.k.i.DiagnosticsManager]: sun.java.launcher = SUN_STANDARD
2015-05-23 15:14:22.606+0000 INFO  [o.n.k.i.DiagnosticsManager]: sun.os.patch.level = unknown
2015-05-23 15:14:22.606+0000 INFO  [o.n.k.i.DiagnosticsManager]: user.dir = /home/clarence/movieNeo4j
2015-05-23 15:14:22.606+0000 INFO  [o.n.k.i.DiagnosticsManager]: neo4j.ext.udc.source = tarball
2015-05-23 15:14:22.606+0000 INFO  [o.n.k.i.DiagnosticsManager]: log4j.configuration = file:conf/log4j.properties
2015-05-23 15:14:22.606+0000 INFO  [o.n.k.i.DiagnosticsManager]: sun.jnu.encoding = UTF-8
2015-05-23 15:14:22.606+0000 INFO  [o.n.k.i.DiagnosticsManager]: sun.management.compiler = HotSpot 64-Bit Tiered Compilers
2015-05-23 15:14:22.606+0000 INFO  [o.n.k.i.DiagnosticsManager]: user.home = /root
2015-05-23 15:14:22.606+0000 INFO  [o.n.k.i.DiagnosticsManager]: user.timezone = Asia/Kolkata
2015-05-23 15:14:22.606+0000 INFO  [o.n.k.i.DiagnosticsManager]: file.encoding = UTF-8
2015-05-23 15:14:22.606+0000 INFO  [o.n.k.i.DiagnosticsManager]: user.name = root
2015-05-23 15:14:22.606+0000 INFO  [o.n.k.i.DiagnosticsManager]: sun.java.command = org.neo4j.server.Bootstrapper
2015-05-23 15:14:22.606+0000 INFO  [o.n.k.i.DiagnosticsManager]: sun.arch.data.model = 64
2015-05-23 15:14:22.606+0000 INFO  [o.n.k.i.DiagnosticsManager]: user.language = en
2015-05-23 15:14:22.606+0000 INFO  [o.n.k.i.DiagnosticsManager]: awt.toolkit = sun.awt.X11.XToolkit
2015-05-23 15:14:22.606+0000 INFO  [o.n.k.i.DiagnosticsManager]: file.separator = /
2015-05-23 15:14:22.606+0000 INFO  [o.n.k.i.DiagnosticsManager]: sun.io.unicode.encoding = UnicodeLittle
2015-05-23 15:14:22.606+0000 INFO  [o.n.k.i.DiagnosticsManager]: sun.cpu.endian = little
2015-05-23 15:14:22.606+0000 INFO  [o.n.k.i.DiagnosticsManager]: neo4j.instance = /home/clarence/movieNeo4j
2015-05-23 15:14:22.607+0000 INFO  [o.n.k.i.DiagnosticsManager]: neo4j.home = /home/clarence/movieNeo4j
2015-05-23 15:14:22.607+0000 INFO  [o.n.k.i.DiagnosticsManager]: sun.cpu.isalist = 
2015-05-23 15:14:22.607+0000 INFO  [o.n.k.i.DiagnosticsManager]: Linux scheduler information:
2015-05-23 15:14:22.608+0000 INFO  [o.n.k.i.DiagnosticsManager]: noop [deadline] cfq 
2015-05-23 15:14:22.608+0000 INFO  [o.n.k.i.DiagnosticsManager]: noop [deadline] cfq 
2015-05-23 15:14:22.608+0000 INFO  [o.n.k.i.DiagnosticsManager]: noop [deadline] cfq 
2015-05-23 15:14:22.608+0000 INFO  [o.n.k.i.DiagnosticsManager]: noop [deadline] cfq 
2015-05-23 15:14:22.608+0000 INFO  [o.n.k.i.DiagnosticsManager]: noop [deadline] cfq 
2015-05-23 15:14:22.609+0000 INFO  [o.n.k.i.DiagnosticsManager]: noop [deadline] cfq 
2015-05-23 15:14:22.609+0000 INFO  [o.n.k.i.DiagnosticsManager]: none
2015-05-23 15:14:22.609+0000 INFO  [o.n.k.i.DiagnosticsManager]: none
2015-05-23 15:14:22.609+0000 INFO  [o.n.k.i.DiagnosticsManager]: none
2015-05-23 15:14:22.609+0000 INFO  [o.n.k.i.DiagnosticsManager]: none
2015-05-23 15:14:22.609+0000 INFO  [o.n.k.i.DiagnosticsManager]: none
2015-05-23 15:14:22.609+0000 INFO  [o.n.k.i.DiagnosticsManager]: none
2015-05-23 15:14:22.609+0000 INFO  [o.n.k.i.DiagnosticsManager]: none
2015-05-23 15:14:22.610+0000 INFO  [o.n.k.i.DiagnosticsManager]: none
2015-05-23 15:14:22.610+0000 INFO  [o.n.k.i.DiagnosticsManager]: none
2015-05-23 15:14:22.610+0000 INFO  [o.n.k.i.DiagnosticsManager]: none
2015-05-23 15:14:22.610+0000 INFO  [o.n.k.i.DiagnosticsManager]: none
2015-05-23 15:14:22.610+0000 INFO  [o.n.k.i.DiagnosticsManager]: none
2015-05-23 15:14:22.610+0000 INFO  [o.n.k.i.DiagnosticsManager]: none
2015-05-23 15:14:22.611+0000 INFO  [o.n.k.i.DiagnosticsManager]: none
2015-05-23 15:14:22.611+0000 INFO  [o.n.k.i.DiagnosticsManager]: none
2015-05-23 15:14:22.611+0000 INFO  [o.n.k.i.DiagnosticsManager]: none
2015-05-23 15:14:22.611+0000 INFO  [o.n.k.i.DiagnosticsManager]: none
2015-05-23 15:14:22.611+0000 INFO  [o.n.k.i.DiagnosticsManager]: none
2015-05-23 15:14:22.611+0000 INFO  [o.n.k.i.DiagnosticsManager]: none
2015-05-23 15:14:22.612+0000 INFO  [o.n.k.i.DiagnosticsManager]: none
2015-05-23 15:14:22.612+0000 INFO  [o.n.k.i.DiagnosticsManager]: none
2015-05-23 15:14:22.612+0000 INFO  [o.n.k.i.DiagnosticsManager]: none
2015-05-23 15:14:22.612+0000 INFO  [o.n.k.i.DiagnosticsManager]: none
2015-05-23 15:14:22.612+0000 INFO  [o.n.k.i.DiagnosticsManager]: none
2015-05-23 15:14:22.612+0000 INFO  [o.n.k.i.DiagnosticsManager]: Network information:
2015-05-23 15:14:22.613+0000 INFO  [o.n.k.i.DiagnosticsManager]: Interface wlan0:
2015-05-23 15:14:22.613+0000 INFO  [o.n.k.i.DiagnosticsManager]:     address: fe80:0:0:0:9ead:97ff:fe57:8299%3
2015-05-23 15:14:22.613+0000 INFO  [o.n.k.i.DiagnosticsManager]:     address: 192.168.1.3
2015-05-23 15:14:22.614+0000 INFO  [o.n.k.i.DiagnosticsManager]: Interface lo:
2015-05-23 15:14:22.614+0000 INFO  [o.n.k.i.DiagnosticsManager]:     address: 0:0:0:0:0:0:0:1%1
2015-05-23 15:14:22.614+0000 INFO  [o.n.k.i.DiagnosticsManager]:     address: 127.0.0.1
2015-05-23 15:14:22.614+0000 INFO  [o.n.k.i.DiagnosticsManager]: --- INITIALIZED diagnostics END ---
2015-05-23 15:14:22.741+0000 INFO  [o.n.k.i.s.StoreFactory]: Creating new db @ /home/clarence/movieNeo4j/data/graph.db/neostore
2015-05-23 15:14:27.553+0000 INFO  [o.n.k.a.i.i.LuceneLabelScanStore]: No lucene scan store index found, this might just be first use. Preparing to rebuild.
2015-05-23 15:14:27.584+0000 INFO  [o.n.k.a.i.i.LuceneLabelScanStore]: No lucene scan store index found, this might just be first use. Preparing to rebuild.
2015-05-23 15:14:27.662+0000 INFO  [o.n.k.NeoStoreDataSource]: Opened logical log [/home/clarence/movieNeo4j/data/graph.db/neostore.transaction.db.0] version=0, lastTxId=1 (clean)
2015-05-23 15:14:27.669+0000 WARN  [o.n.k.i.s.StoreFactory]: Missing counts store, rebuilding it.
2015-05-23 15:14:27.763+0000 INFO  [o.n.k.a.i.i.LuceneLabelScanStore]: Rebuilding lucene scan store, this may take a while
2015-05-23 15:14:27.764+0000 INFO  [o.n.k.a.i.i.LuceneLabelScanStore]: Lucene scan store rebuilt (roughly -1 nodes)
2015-05-23 15:14:27.773+0000 INFO  [o.n.k.KernelHealth]: Kernel health set to OK
2015-05-23 15:14:28.528+0000 INFO  [o.n.k.i.DiagnosticsManager]: --- STARTED diagnostics for KernelDiagnostics:Versions START ---
2015-05-23 15:14:28.528+0000 INFO  [o.n.k.i.DiagnosticsManager]: Graph Database: org.neo4j.kernel.EmbeddedGraphDatabase StoreId{creationTime=1432394062741, randomId=-6651750221922602580, storeVersion=14969031248344582, upgradeTime=1432394062741, upgradeId=1}
2015-05-23 15:14:28.528+0000 INFO  [o.n.k.i.DiagnosticsManager]: Kernel version: Neo4j - Graph Database Kernel (neo4j-kernel), version: 2.2.2
2015-05-23 15:14:28.528+0000 INFO  [o.n.k.i.DiagnosticsManager]: Neo4j component versions:
2015-05-23 15:14:28.537+0000 INFO  [o.n.k.i.DiagnosticsManager]:   Neo4j - Lucene Index (neo4j-lucene-index), version: 2.2.2; revision: 2.2.2:2.2:973/0ee8628da67da8c582a299d6aa109768be6886d7
2015-05-23 15:14:28.537+0000 INFO  [o.n.k.i.DiagnosticsManager]:   Neo4j - JMX support (neo4j-jmx), version: 2.2.2; revision: 2.2.2:2.2:973/0ee8628da67da8c582a299d6aa109768be6886d7
2015-05-23 15:14:28.537+0000 INFO  [o.n.k.i.DiagnosticsManager]:   Neo4j - Graph Matching (neo4j-graph-matching), version: 2.2.2; revision: 2.2.2:2.2:973/0ee8628da67da8c582a299d6aa109768be6886d7
2015-05-23 15:14:28.537+0000 INFO  [o.n.k.i.DiagnosticsManager]:   Neo4j - Cypher Compiler 2.1 (neo4j-cypher-compiler-2.1), version: 2.1.8; revision: 2.1.8:2.1-maint:687/5c83ce3a5ddf33259593f719153ce71a6fe89fc7
2015-05-23 15:14:28.537+0000 INFO  [o.n.k.i.DiagnosticsManager]:   Neo4j - Server API (server-api), version: 2.2.2; revision: 2.2.2:2.2:973/0ee8628da67da8c582a299d6aa109768be6886d7
2015-05-23 15:14:28.537+0000 INFO  [o.n.k.i.DiagnosticsManager]:   Neo4j - Import Command Line Tool (neo4j-import-tool), version: 2.2.2; revision: 2.2.2:2.2:973/0ee8628da67da8c582a299d6aa109768be6886d7
2015-05-23 15:14:28.537+0000 INFO  [o.n.k.i.DiagnosticsManager]:   Neo4j - Graph Database Kernel (neo4j-kernel), version: 2.2.2; revision: 2.2.2:2.2:973/0ee8628da67da8c582a299d6aa109768be6886d7
2015-05-23 15:14:28.537+0000 INFO  [o.n.k.i.DiagnosticsManager]:   Neo4j - Cypher (neo4j-cypher), version: 2.2.2; revision: 2.2.2:2.2:973/0ee8628da67da8c582a299d6aa109768be6886d7
2015-05-23 15:14:28.537+0000 INFO  [o.n.k.i.DiagnosticsManager]:   Neo4j - Server (neo4j-server), version: 2.2.2; revision: 2.2.2:2.2:973/0ee8628da67da8c582a299d6aa109768be6886d7
2015-05-23 15:14:28.537+0000 INFO  [o.n.k.i.DiagnosticsManager]:   Neo4j - Graph Algorithms (neo4j-graph-algo), version: 2.2.2; revision: 2.2.2:2.2:973/0ee8628da67da8c582a299d6aa109768be6886d7
2015-05-23 15:14:28.537+0000 INFO  [o.n.k.i.DiagnosticsManager]:   Neo4j - Cypher Compiler 2.2 (neo4j-cypher-compiler-2.2), version: 2.2.2; revision: 2.2.2:2.2:973/0ee8628da67da8c582a299d6aa109768be6886d7
2015-05-23 15:14:28.537+0000 INFO  [o.n.k.i.DiagnosticsManager]:   Neo4j - Cypher Compiler 2.0 (neo4j-cypher-compiler-2.0), version: 2.0.4; revision: 2.0.4:2.0-maint:130/4a7d10bc274a5d26a180bbe9df25100e8a694748
2015-05-23 15:14:28.537+0000 INFO  [o.n.k.i.DiagnosticsManager]:   Neo4j - Consistency Checker (neo4j-consistency-check), version: 2.2.2; revision: 2.2.2:2.2:973/0ee8628da67da8c582a299d6aa109768be6886d7
2015-05-23 15:14:28.537+0000 INFO  [o.n.k.i.DiagnosticsManager]:   Neo4j - Generic shell (neo4j-shell), version: 2.2.2; revision: 2.2.2:2.2:973/0ee8628da67da8c582a299d6aa109768be6886d7
2015-05-23 15:14:28.537+0000 INFO  [o.n.k.i.DiagnosticsManager]:   Neo4j - Cypher Compiler 1.9 (neo4j-cypher-compiler-1.9), version: 2.0.4; revision: 2.0.4:2.0-maint:130/4a7d10bc274a5d26a180bbe9df25100e8a694748
2015-05-23 15:14:28.537+0000 INFO  [o.n.k.i.DiagnosticsManager]:   neo4j-udc, version: 2.2.2; revision: 2.2.2:2.2:973/0ee8628da67da8c582a299d6aa109768be6886d7
2015-05-23 15:14:28.537+0000 INFO  [o.n.k.i.DiagnosticsManager]: --- STARTED diagnostics for KernelDiagnostics:Versions END ---
2015-05-23 15:14:28.539+0000 INFO  [o.n.k.i.DiagnosticsManager]: --- STARTED diagnostics for NEO_STORE_VERSIONS START ---
2015-05-23 15:14:28.540+0000 INFO  [o.n.k.i.DiagnosticsManager]: Store versions:
2015-05-23 15:14:28.540+0000 INFO  [o.n.k.i.DiagnosticsManager]: Store versions:
2015-05-23 15:14:28.540+0000 INFO  [o.n.k.i.DiagnosticsManager]:   NeoStore v0.A.5
2015-05-23 15:14:28.540+0000 INFO  [o.n.k.i.DiagnosticsManager]:   SchemaStore v0.A.5
2015-05-23 15:14:28.540+0000 INFO  [o.n.k.i.DiagnosticsManager]:   NodeStore v0.A.5
2015-05-23 15:14:28.540+0000 INFO  [o.n.k.i.DiagnosticsManager]:   RelationshipStore v0.A.5
2015-05-23 15:14:28.540+0000 INFO  [o.n.k.i.DiagnosticsManager]:   RelationshipTypeStore v0.A.5
2015-05-23 15:14:28.541+0000 INFO  [o.n.k.i.DiagnosticsManager]:   LabelTokenStore v0.A.5
2015-05-23 15:14:28.541+0000 INFO  [o.n.k.i.DiagnosticsManager]:   PropertyStore v0.A.5
2015-05-23 15:14:28.541+0000 INFO  [o.n.k.i.DiagnosticsManager]:   PropertyIndexStore v0.A.5
2015-05-23 15:14:28.541+0000 INFO  [o.n.k.i.DiagnosticsManager]:   StringPropertyStore v0.A.5
2015-05-23 15:14:28.541+0000 INFO  [o.n.k.i.DiagnosticsManager]:   ArrayPropertyStore v0.A.5
2015-05-23 15:14:28.541+0000 INFO  [o.n.k.i.DiagnosticsManager]:   RelationshipGroupStore v0.A.5
2015-05-23 15:14:28.541+0000 INFO  [o.n.k.i.DiagnosticsManager]: --- STARTED diagnostics for NEO_STORE_VERSIONS END ---
2015-05-23 15:14:28.541+0000 INFO  [o.n.k.i.DiagnosticsManager]: --- STARTED diagnostics for NEO_STORE_ID_USAGE START ---
2015-05-23 15:14:28.541+0000 INFO  [o.n.k.i.DiagnosticsManager]: Id usage:
2015-05-23 15:14:28.541+0000 INFO  [o.n.k.i.DiagnosticsManager]: Id usage:
2015-05-23 15:14:28.541+0000 INFO  [o.n.k.i.DiagnosticsManager]:   SchemaStore: used=1 high=0
2015-05-23 15:14:28.541+0000 INFO  [o.n.k.i.DiagnosticsManager]:   NodeStore: used=0 high=-1
2015-05-23 15:14:28.541+0000 INFO  [o.n.k.i.DiagnosticsManager]:   RelationshipStore: used=0 high=-1
2015-05-23 15:14:28.542+0000 INFO  [o.n.k.i.DiagnosticsManager]:   RelationshipTypeStore: used=0 high=-1
2015-05-23 15:14:28.542+0000 INFO  [o.n.k.i.DiagnosticsManager]:   LabelTokenStore: used=0 high=-1
2015-05-23 15:14:28.542+0000 INFO  [o.n.k.i.DiagnosticsManager]:   PropertyStore: used=0 high=-1
2015-05-23 15:14:28.542+0000 INFO  [o.n.k.i.DiagnosticsManager]:   PropertyIndexStore: used=0 high=-1
2015-05-23 15:14:28.542+0000 INFO  [o.n.k.i.DiagnosticsManager]:   StringPropertyStore: used=1 high=0
2015-05-23 15:14:28.542+0000 INFO  [o.n.k.i.DiagnosticsManager]:   ArrayPropertyStore: used=1 high=0
2015-05-23 15:14:28.542+0000 INFO  [o.n.k.i.DiagnosticsManager]:   RelationshipGroupStore: used=1 high=0
2015-05-23 15:14:28.542+0000 INFO  [o.n.k.i.DiagnosticsManager]: --- STARTED diagnostics for NEO_STORE_ID_USAGE END ---
2015-05-23 15:14:28.543+0000 INFO  [o.n.k.i.DiagnosticsManager]: --- STARTED diagnostics for KernelDiagnostics:StoreFiles START ---
2015-05-23 15:14:28.543+0000 INFO  [o.n.k.i.DiagnosticsManager]: Disk space on partition (Total / Free / Free %): 1902351777792 / 1889959845888 / 99
Storage files: (filename : modification date - size)
2015-05-23 15:14:28.544+0000 INFO  [o.n.k.i.DiagnosticsManager]:   index:
2015-05-23 15:14:28.545+0000 INFO  [o.n.k.i.DiagnosticsManager]:   - Total: 2015-05-23T20:44:22+0530 - 0.00 B
2015-05-23 15:14:28.545+0000 INFO  [o.n.k.i.DiagnosticsManager]:   lock: 2015-05-23T20:44:27+0530 - 0.00 B
2015-05-23 15:14:28.545+0000 INFO  [o.n.k.i.DiagnosticsManager]:   messages.log: 2015-05-23T20:44:28+0530 - 31.02 kB
2015-05-23 15:14:28.546+0000 INFO  [o.n.k.i.DiagnosticsManager]:   neostore: 2015-05-23T20:44:27+0530 - 99.00 B
2015-05-23 15:14:28.546+0000 INFO  [o.n.k.i.DiagnosticsManager]:   neostore.counts.db.a: 2015-05-23T20:44:27+0530 - 114.00 B
2015-05-23 15:14:28.547+0000 INFO  [o.n.k.i.DiagnosticsManager]:   neostore.id: 2015-05-23T20:44:27+0530 - 9.00 B
2015-05-23 15:14:28.547+0000 INFO  [o.n.k.i.DiagnosticsManager]:   neostore.labeltokenstore.db: 2015-05-23T20:44:27+0530 - 0.00 B
2015-05-23 15:14:28.547+0000 INFO  [o.n.k.i.DiagnosticsManager]:   neostore.labeltokenstore.db.id: 2015-05-23T20:44:27+0530 - 9.00 B
2015-05-23 15:14:28.548+0000 INFO  [o.n.k.i.DiagnosticsManager]:   neostore.labeltokenstore.db.names: 2015-05-23T20:44:27+0530 - 38.00 B
2015-05-23 15:14:28.548+0000 INFO  [o.n.k.i.DiagnosticsManager]:   neostore.labeltokenstore.db.names.id: 2015-05-23T20:44:27+0530 - 9.00 B
2015-05-23 15:14:28.549+0000 INFO  [o.n.k.i.DiagnosticsManager]:   neostore.nodestore.db: 2015-05-23T20:44:27+0530 - 0.00 B
2015-05-23 15:14:28.549+0000 INFO  [o.n.k.i.DiagnosticsManager]:   neostore.nodestore.db.id: 2015-05-23T20:44:27+0530 - 9.00 B
2015-05-23 15:14:28.549+0000 INFO  [o.n.k.i.DiagnosticsManager]:   neostore.nodestore.db.labels: 2015-05-23T20:44:27+0530 - 68.00 B
2015-05-23 15:14:28.550+0000 INFO  [o.n.k.i.DiagnosticsManager]:   neostore.nodestore.db.labels.id: 2015-05-23T20:44:27+0530 - 9.00 B
2015-05-23 15:14:28.550+0000 INFO  [o.n.k.i.DiagnosticsManager]:   neostore.propertystore.db: 2015-05-23T20:44:27+0530 - 0.00 B
2015-05-23 15:14:28.550+0000 INFO  [o.n.k.i.DiagnosticsManager]:   neostore.propertystore.db.arrays: 2015-05-23T20:44:27+0530 - 128.00 B
2015-05-23 15:14:28.551+0000 INFO  [o.n.k.i.DiagnosticsManager]:   neostore.propertystore.db.arrays.id: 2015-05-23T20:44:27+0530 - 9.00 B
2015-05-23 15:14:28.551+0000 INFO  [o.n.k.i.DiagnosticsManager]:   neostore.propertystore.db.id: 2015-05-23T20:44:27+0530 - 9.00 B
2015-05-23 15:14:28.552+0000 INFO  [o.n.k.i.DiagnosticsManager]:   neostore.propertystore.db.index: 2015-05-23T20:44:27+0530 - 0.00 B
2015-05-23 15:14:28.552+0000 INFO  [o.n.k.i.DiagnosticsManager]:   neostore.propertystore.db.index.id: 2015-05-23T20:44:27+0530 - 9.00 B
2015-05-23 15:14:28.552+0000 INFO  [o.n.k.i.DiagnosticsManager]:   neostore.propertystore.db.index.keys: 2015-05-23T20:44:27+0530 - 38.00 B
2015-05-23 15:14:28.553+0000 INFO  [o.n.k.i.DiagnosticsManager]:   neostore.propertystore.db.index.keys.id: 2015-05-23T20:44:27+0530 - 9.00 B
2015-05-23 15:14:28.553+0000 INFO  [o.n.k.i.DiagnosticsManager]:   neostore.propertystore.db.strings: 2015-05-23T20:44:27+0530 - 128.00 B
2015-05-23 15:14:28.553+0000 INFO  [o.n.k.i.DiagnosticsManager]:   neostore.propertystore.db.strings.id: 2015-05-23T20:44:27+0530 - 9.00 B
2015-05-23 15:14:28.554+0000 INFO  [o.n.k.i.DiagnosticsManager]:   neostore.relationshipgroupstore.db: 2015-05-23T20:44:27+0530 - 25.00 B
2015-05-23 15:14:28.554+0000 INFO  [o.n.k.i.DiagnosticsManager]:   neostore.relationshipgroupstore.db.id: 2015-05-23T20:44:27+0530 - 9.00 B
2015-05-23 15:14:28.554+0000 INFO  [o.n.k.i.DiagnosticsManager]:   neostore.relationshipstore.db: 2015-05-23T20:44:27+0530 - 0.00 B
2015-05-23 15:14:28.554+0000 INFO  [o.n.k.i.DiagnosticsManager]:   neostore.relationshipstore.db.id: 2015-05-23T20:44:27+0530 - 9.00 B
2015-05-23 15:14:28.555+0000 INFO  [o.n.k.i.DiagnosticsManager]:   neostore.relationshiptypestore.db: 2015-05-23T20:44:27+0530 - 0.00 B
2015-05-23 15:14:28.555+0000 INFO  [o.n.k.i.DiagnosticsManager]:   neostore.relationshiptypestore.db.id: 2015-05-23T20:44:27+0530 - 9.00 B
2015-05-23 15:14:28.555+0000 INFO  [o.n.k.i.DiagnosticsManager]:   neostore.relationshiptypestore.db.names: 2015-05-23T20:44:27+0530 - 38.00 B
2015-05-23 15:14:28.555+0000 INFO  [o.n.k.i.DiagnosticsManager]:   neostore.relationshiptypestore.db.names.id: 2015-05-23T20:44:27+0530 - 9.00 B
2015-05-23 15:14:28.556+0000 INFO  [o.n.k.i.DiagnosticsManager]:   neostore.schemastore.db: 2015-05-23T20:44:27+0530 - 64.00 B
2015-05-23 15:14:28.556+0000 INFO  [o.n.k.i.DiagnosticsManager]:   neostore.schemastore.db.id: 2015-05-23T20:44:27+0530 - 9.00 B
2015-05-23 15:14:28.556+0000 INFO  [o.n.k.i.DiagnosticsManager]:   neostore.transaction.db.0: 2015-05-23T20:44:27+0530 - 16.00 B
2015-05-23 15:14:28.556+0000 INFO  [o.n.k.i.DiagnosticsManager]:   schema:
2015-05-23 15:14:28.556+0000 INFO  [o.n.k.i.DiagnosticsManager]:     label:
2015-05-23 15:14:28.556+0000 INFO  [o.n.k.i.DiagnosticsManager]:       lucene:
2015-05-23 15:14:28.557+0000 INFO  [o.n.k.i.DiagnosticsManager]:         write.lock: 2015-05-23T20:44:27+0530 - 0.00 B
2015-05-23 15:14:28.557+0000 INFO  [o.n.k.i.DiagnosticsManager]:       - Total: 2015-05-23T20:44:27+0530 - 0.00 B
2015-05-23 15:14:28.557+0000 INFO  [o.n.k.i.DiagnosticsManager]:     - Total: 2015-05-23T20:44:27+0530 - 0.00 B
2015-05-23 15:14:28.557+0000 INFO  [o.n.k.i.DiagnosticsManager]:   - Total: 2015-05-23T20:44:27+0530 - 0.00 B
2015-05-23 15:14:28.558+0000 INFO  [o.n.k.i.DiagnosticsManager]:   store_lock: 2015-05-23T20:44:22+0530 - 0.00 B
2015-05-23 15:14:28.558+0000 INFO  [o.n.k.i.DiagnosticsManager]: --- STARTED diagnostics for KernelDiagnostics:StoreFiles END ---
2015-05-23 15:14:28.595+0000 INFO  [o.n.k.EmbeddedGraphDatabase]: Database is now ready
2015-05-23 15:14:28.595+0000 INFO  [o.n.s.d.LifecycleManagingDatabase]: Successfully started database
2015-05-23 15:14:28.615+0000 INFO  [o.n.k.i.DiagnosticsManager]: --- SERVER STARTED START ---
2015-05-23 15:14:28.689+0000 INFO  [o.n.s.CommunityNeoServer]: Starting HTTP on port :7474 with 4 threads available
2015-05-23 15:14:28.950+0000 INFO  [o.n.s.CommunityNeoServer]: Enabling HTTPS on port :7473
2015-05-23 15:14:28.951+0000 INFO  [o.n.s.CommunityNeoServer]: No SSL certificate found, generating a self-signed certificate..
2015-05-23 15:14:29.329+0000 INFO  [o.n.s.w.Jetty9WebServer]: Mounting static content at [/webadmin] from [webadmin-html]
2015-05-23 15:14:29.364+0000 INFO  [o.n.s.w.Jetty9WebServer]: Mounting static content at [/browser] from [browser]
2015-05-23 15:14:30.719+0000 INFO  [o.n.s.CommunityNeoServer]: Server started on: http://localhost:7474/
2015-05-23 15:14:30.720+0000 INFO  [o.n.s.CommunityNeoServer]: Remote interface ready and available at [http://localhost:7474/]
2015-05-23 15:14:30.720+0000 INFO  [o.n.k.i.DiagnosticsManager]: --- SERVER STARTED END ---
2015-05-23 15:14:43.908+0000 INFO  [o.n.s.m.AuthorizationModule]: Failed authentication attempt for 'neo4j' from 127.0.0.1
2015-05-23 15:14:43.935+0000 INFO  [o.n.s.m.AuthorizationModule]: Failed authentication attempt for 'neo4j' from 127.0.0.1
2015-05-24 06:48:45.264+0000 WARN  [o.n.k.EmbeddedGraphDatabase]: GC Monitor: Application threads blocked for 4016ms.
2015-05-24 06:49:32.674+0000 INFO  [o.n.s.CommunityBootstrapper]: Neo4j Server shutdown initiated by request
2015-05-24 06:49:32.758+0000 INFO  [o.n.s.CommunityNeoServer]: Successfully shutdown Neo4j Server.
2015-05-24 06:49:32.759+0000 INFO  [o.n.k.EmbeddedGraphDatabase]: Shutdown started
2015-05-24 06:49:32.759+0000 INFO  [o.n.k.EmbeddedGraphDatabase]: Database is now unavailable
2015-05-24 06:49:32.867+0000 INFO  [o.n.k.i.s.StoreFactory]: About to rotate counts store at transaction 8 to [/home/clarence/movieNeo4j/data/graph.db/neostore.counts.db.b], from [/home/clarence/movieNeo4j/data/graph.db/neostore.counts.db.a].
2015-05-24 06:49:32.868+0000 INFO  [o.n.k.i.s.StoreFactory]: Successfully rotated counts store at transaction 8 to [/home/clarence/movieNeo4j/data/graph.db/neostore.counts.db.b], from [/home/clarence/movieNeo4j/data/graph.db/neostore.counts.db.a].
2015-05-24 06:49:34.065+0000 INFO  [o.n.k.NeoStoreDataSource]: NeoStore closed
2015-05-24 06:49:34.066+0000 INFO  [o.n.k.i.DiagnosticsManager]: --- STOPPING diagnostics START ---
2015-05-24 06:49:34.066+0000 INFO  [o.n.k.i.DiagnosticsManager]: --- STOPPING diagnostics END ---
2015-05-24 06:49:34.073+0000 INFO  [o.n.s.d.LifecycleManagingDatabase]: Successfully stopped database
2015-05-24 06:49:34.074+0000 INFO  [o.n.s.CommunityNeoServer]: Successfully shutdown database.
2015-05-24 06:50:53.304+0000 INFO  [o.n.s.CommunityNeoServer]: Setting startup timeout to: 120000ms based on 120000
2015-05-24 06:50:53.527+0000 INFO  [o.n.k.InternalAbstractGraphDatabase]: No locking implementation specified, defaulting to 'community'
2015-05-24 06:50:53.594+0000 INFO  [o.n.k.i.DiagnosticsManager]: --- INITIALIZED diagnostics START ---
2015-05-24 06:50:53.595+0000 INFO  [o.n.k.i.DiagnosticsManager]: Neo4j Kernel properties:
2015-05-24 06:50:53.598+0000 INFO  [o.n.k.i.DiagnosticsManager]: store_dir=/home/clarence/Documents/theDataGeek/nlpRecommender/movieNeo4j/data/graph.db
2015-05-24 06:50:53.599+0000 INFO  [o.n.k.i.DiagnosticsManager]: remote_shell_enabled=true
2015-05-24 06:50:53.600+0000 INFO  [o.n.k.i.DiagnosticsManager]: Diagnostics providers:
2015-05-24 06:50:53.600+0000 INFO  [o.n.k.i.DiagnosticsManager]: org.neo4j.kernel.configuration.Config
2015-05-24 06:50:53.600+0000 INFO  [o.n.k.i.DiagnosticsManager]: org.neo4j.kernel.info.DiagnosticsManager
2015-05-24 06:50:53.600+0000 INFO  [o.n.k.i.DiagnosticsManager]: SYSTEM_MEMORY
2015-05-24 06:50:53.600+0000 INFO  [o.n.k.i.DiagnosticsManager]: JAVA_MEMORY
2015-05-24 06:50:53.600+0000 INFO  [o.n.k.i.DiagnosticsManager]: OPERATING_SYSTEM
2015-05-24 06:50:53.600+0000 INFO  [o.n.k.i.DiagnosticsManager]: JAVA_VIRTUAL_MACHINE
2015-05-24 06:50:53.600+0000 INFO  [o.n.k.i.DiagnosticsManager]: CLASSPATH
2015-05-24 06:50:53.600+0000 INFO  [o.n.k.i.DiagnosticsManager]: LIBRARY_PATH
2015-05-24 06:50:53.600+0000 INFO  [o.n.k.i.DiagnosticsManager]: SYSTEM_PROPERTIES
2015-05-24 06:50:53.600+0000 INFO  [o.n.k.i.DiagnosticsManager]: LINUX_SCHEDULERS
2015-05-24 06:50:53.600+0000 INFO  [o.n.k.i.DiagnosticsManager]: NETWORK
2015-05-24 06:50:53.601+0000 INFO  [o.n.k.i.DiagnosticsManager]: System memory information:
2015-05-24 06:50:53.604+0000 INFO  [o.n.k.i.DiagnosticsManager]: Total Physical memory: 7.70 GB
2015-05-24 06:50:53.605+0000 INFO  [o.n.k.i.DiagnosticsManager]: Free Physical memory: 3.75 GB
2015-05-24 06:50:53.605+0000 INFO  [o.n.k.i.DiagnosticsManager]: Committed virtual memory: 3.22 GB
2015-05-24 06:50:53.605+0000 INFO  [o.n.k.i.DiagnosticsManager]: Total swap space: 23.16 GB
2015-05-24 06:50:53.605+0000 INFO  [o.n.k.i.DiagnosticsManager]: Free swap space: 23.16 GB
2015-05-24 06:50:53.606+0000 INFO  [o.n.k.i.DiagnosticsManager]: JVM memory information:
2015-05-24 06:50:53.606+0000 INFO  [o.n.k.i.DiagnosticsManager]: Free  memory: 66.33 MB
2015-05-24 06:50:53.606+0000 INFO  [o.n.k.i.DiagnosticsManager]: Total memory: 119.25 MB
2015-05-24 06:50:53.606+0000 INFO  [o.n.k.i.DiagnosticsManager]: Max   memory: 1.90 GB
2015-05-24 06:50:53.607+0000 INFO  [o.n.k.i.DiagnosticsManager]: Garbage Collector: ParNew: [Par Eden Space, Par Survivor Space]
2015-05-24 06:50:53.607+0000 INFO  [o.n.k.i.DiagnosticsManager]: Garbage Collector: ConcurrentMarkSweep: [Par Eden Space, Par Survivor Space, CMS Old Gen, CMS Perm Gen]
2015-05-24 06:50:53.608+0000 INFO  [o.n.k.i.DiagnosticsManager]: Memory Pool: Code Cache (Non-heap memory): committed=2.44 MB, used=706.38 kB, max=48.00 MB, threshold=0.00 B
2015-05-24 06:50:53.609+0000 INFO  [o.n.k.i.DiagnosticsManager]: Memory Pool: Par Eden Space (Heap memory): committed=32.94 MB, used=18.83 MB, max=266.25 MB, threshold=?
2015-05-24 06:50:53.610+0000 INFO  [o.n.k.i.DiagnosticsManager]: Memory Pool: Par Survivor Space (Heap memory): committed=4.06 MB, used=4.06 MB, max=33.25 MB, threshold=?
2015-05-24 06:50:53.610+0000 INFO  [o.n.k.i.DiagnosticsManager]: Memory Pool: CMS Old Gen (Heap memory): committed=82.25 MB, used=30.03 MB, max=1.60 GB, threshold=0.00 B
2015-05-24 06:50:53.611+0000 INFO  [o.n.k.i.DiagnosticsManager]: Memory Pool: CMS Perm Gen (Non-heap memory): committed=20.75 MB, used=12.59 MB, max=82.00 MB, threshold=0.00 B
2015-05-24 06:50:53.611+0000 INFO  [o.n.k.i.DiagnosticsManager]: Operating system information:
2015-05-24 06:50:53.611+0000 INFO  [o.n.k.i.DiagnosticsManager]: Operating System: Linux; version: 3.13.0-49-generic; arch: amd64; cpus: 4
2015-05-24 06:50:53.612+0000 INFO  [o.n.k.i.DiagnosticsManager]: Max number of file descriptors: 4096
2015-05-24 06:50:53.612+0000 INFO  [o.n.k.i.DiagnosticsManager]: Number of open file descriptors: 74
2015-05-24 06:50:53.612+0000 INFO  [o.n.k.i.DiagnosticsManager]: Process id: 17654@datasciencecentral
2015-05-24 06:50:53.612+0000 INFO  [o.n.k.i.DiagnosticsManager]: Byte order: LITTLE_ENDIAN
2015-05-24 06:50:53.612+0000 INFO  [o.n.k.i.DiagnosticsManager]: Local timezone: Asia/Kolkata
2015-05-24 06:50:53.612+0000 INFO  [o.n.k.i.DiagnosticsManager]: JVM information:
2015-05-24 06:50:53.612+0000 INFO  [o.n.k.i.DiagnosticsManager]: VM Name: Java HotSpot(TM) 64-Bit Server VM
2015-05-24 06:50:53.612+0000 INFO  [o.n.k.i.DiagnosticsManager]: VM Vendor: Oracle Corporation
2015-05-24 06:50:53.612+0000 INFO  [o.n.k.i.DiagnosticsManager]: VM Version: 24.80-b11
2015-05-24 06:50:53.612+0000 INFO  [o.n.k.i.DiagnosticsManager]: JIT compiler: HotSpot 64-Bit Tiered Compilers
2015-05-24 06:50:53.613+0000 INFO  [o.n.k.i.DiagnosticsManager]: VM Arguments: [-XX:+DisableExplicitGC, -Dorg.neo4j.server.properties=conf/neo4j-server.properties, -Djava.util.logging.config.file=conf/logging.properties, -Dlog4j.configuration=file:conf/log4j.properties, -XX:+UseConcMarkSweepGC, -XX:+CMSClassUnloadingEnabled, -XX:-OmitStackTraceInFastThrow, -XX:hashCode=5, -Dneo4j.ext.udc.source=tarball, -Dneo4j.home=/home/clarence/Documents/theDataGeek/nlpRecommender/movieNeo4j, -Dneo4j.instance=/home/clarence/Documents/theDataGeek/nlpRecommender/movieNeo4j, -Dfile.encoding=UTF-8]
2015-05-24 06:50:53.613+0000 INFO  [o.n.k.i.DiagnosticsManager]: Java classpath:
2015-05-24 06:50:53.615+0000 INFO  [o.n.k.i.DiagnosticsManager]:  [classpath + loader.0] file:/home/clarence/Documents/theDataGeek/nlpRecommender/movieNeo4j/lib/concurrentlinkedhashmap-lru-1.4.jar
2015-05-24 06:50:53.615+0000 INFO  [o.n.k.i.DiagnosticsManager]:  [classpath + loader.0] file:/home/clarence/Documents/theDataGeek/nlpRecommender/movieNeo4j/system/lib/mimepull-1.9.3.jar
2015-05-24 06:50:53.615+0000 INFO  [o.n.k.i.DiagnosticsManager]:  [loader.1] file:/usr/lib/jvm/java-7-oracle/jre/lib/ext/sunjce_provider.jar
2015-05-24 06:50:53.615+0000 INFO  [o.n.k.i.DiagnosticsManager]:  [bootstrap] /usr/lib/jvm/java-7-oracle/jre/classes
2015-05-24 06:50:53.615+0000 INFO  [o.n.k.i.DiagnosticsManager]:  [classpath + loader.0] file:/home/clarence/Documents/theDataGeek/nlpRecommender/movieNeo4j/system/lib/commons-configuration-1.10.jar
2015-05-24 06:50:53.615+0000 INFO  [o.n.k.i.DiagnosticsManager]:  [classpath + loader.0] file:/home/clarence/Documents/theDataGeek/nlpRecommender/movieNeo4j/system/lib/neo4j-server-2.2.2.jar
2015-05-24 06:50:53.615+0000 INFO  [o.n.k.i.DiagnosticsManager]:  [classpath + loader.0] file:/home/clarence/Documents/theDataGeek/nlpRecommender/movieNeo4j/lib/neo4j-graph-matching-2.2.2.jar
2015-05-24 06:50:53.615+0000 INFO  [o.n.k.i.DiagnosticsManager]:  [classpath + loader.0] file:/home/clarence/Documents/theDataGeek/nlpRecommender/movieNeo4j/system/lib/jcl-over-slf4j-1.7.7.jar
2015-05-24 06:50:53.615+0000 INFO  [o.n.k.i.DiagnosticsManager]:  [classpath + loader.0] file:/home/clarence/Documents/theDataGeek/nlpRecommender/movieNeo4j/system/lib/jetty-webapp-9.2.4.v20141103.jar
2015-05-24 06:50:53.615+0000 INFO  [o.n.k.i.DiagnosticsManager]:  [classpath + loader.0] file:/home/clarence/Documents/theDataGeek/nlpRecommender/movieNeo4j/lib/neo4j-consistency-check-2.2.2.jar
2015-05-24 06:50:53.615+0000 INFO  [o.n.k.i.DiagnosticsManager]:  [classpath + loader.0] file:/home/clarence/Documents/theDataGeek/nlpRecommender/movieNeo4j/system/lib/logback-access-1.1.2.jar
2015-05-24 06:50:53.615+0000 INFO  [o.n.k.i.DiagnosticsManager]:  [classpath + loader.0] file:/home/clarence/Documents/theDataGeek/nlpRecommender/movieNeo4j/lib/neo4j-import-tool-2.2.2.jar
2015-05-24 06:50:53.615+0000 INFO  [o.n.k.i.DiagnosticsManager]:  [classpath + loader.0] file:/home/clarence/Documents/theDataGeek/nlpRecommender/movieNeo4j/system/lib/jetty-io-9.2.4.v20141103.jar
2015-05-24 06:50:53.615+0000 INFO  [o.n.k.i.DiagnosticsManager]:  [classpath + loader.0] file:/home/clarence/Documents/theDataGeek/nlpRecommender/movieNeo4j/system/lib/jetty-http-9.2.4.v20141103.jar
2015-05-24 06:50:53.615+0000 INFO  [o.n.k.i.DiagnosticsManager]:  [classpath + loader.0] file:/home/clarence/Documents/theDataGeek/nlpRecommender/movieNeo4j/lib/neo4j-shell-2.2.2.jar
2015-05-24 06:50:53.615+0000 INFO  [o.n.k.i.DiagnosticsManager]:  [classpath + loader.0] file:/home/clarence/Documents/theDataGeek/nlpRecommender/movieNeo4j/system/lib/commons-logging-1.1.1.jar
2015-05-24 06:50:53.615+0000 INFO  [o.n.k.i.DiagnosticsManager]:  [classpath + loader.0] file:/home/clarence/Documents/theDataGeek/nlpRecommender/movieNeo4j/lib/parboiled-core-1.1.7.jar
2015-05-24 06:50:53.615+0000 INFO  [o.n.k.i.DiagnosticsManager]:  [bootstrap] /usr/lib/jvm/java-7-oracle/jre/lib/jce.jar
2015-05-24 06:50:53.615+0000 INFO  [o.n.k.i.DiagnosticsManager]:  [classpath + loader.0] file:/home/clarence/Documents/theDataGeek/nlpRecommender/movieNeo4j/system/lib/commons-digester-2.1.jar
2015-05-24 06:50:53.615+0000 INFO  [o.n.k.i.DiagnosticsManager]:  [classpath + loader.0] file:/home/clarence/Documents/theDataGeek/nlpRecommender/movieNeo4j/lib/neo4j-primitive-collections-2.2.2.jar
2015-05-24 06:50:53.615+0000 INFO  [o.n.k.i.DiagnosticsManager]:  [classpath + loader.0] file:/home/clarence/Documents/theDataGeek/nlpRecommender/movieNeo4j/system/lib/jersey-multipart-1.18.1.jar
2015-05-24 06:50:53.615+0000 INFO  [o.n.k.i.DiagnosticsManager]:  [classpath + loader.0] file:/home/clarence/Documents/theDataGeek/nlpRecommender/movieNeo4j/system/lib/jersey-core-1.18.1.jar
2015-05-24 06:50:53.616+0000 INFO  [o.n.k.i.DiagnosticsManager]:  [classpath + loader.0] file:/home/clarence/Documents/theDataGeek/nlpRecommender/movieNeo4j/lib/neo4j-io-2.2.2.jar
2015-05-24 06:50:53.616+0000 INFO  [o.n.k.i.DiagnosticsManager]:  [bootstrap] /usr/lib/jvm/java-7-oracle/jre/lib/jfr.jar
2015-05-24 06:50:53.616+0000 INFO  [o.n.k.i.DiagnosticsManager]:  [classpath + loader.0] file:/home/clarence/Documents/theDataGeek/nlpRecommender/movieNeo4j/system/lib/jackson-mapper-asl-1.9.13.jar
2015-05-24 06:50:53.616+0000 INFO  [o.n.k.i.DiagnosticsManager]:  [classpath + loader.0] file:/home/clarence/Documents/theDataGeek/nlpRecommender/movieNeo4j/lib/scala-library-2.10.5.jar
2015-05-24 06:50:53.616+0000 INFO  [o.n.k.i.DiagnosticsManager]:  [classpath + loader.0] file:/home/clarence/Documents/theDataGeek/nlpRecommender/movieNeo4j/system/lib/slf4j-api-1.7.7.jar
2015-05-24 06:50:53.616+0000 INFO  [o.n.k.i.DiagnosticsManager]:  [classpath + loader.0] file:/home/clarence/Documents/theDataGeek/nlpRecommender/movieNeo4j/system/lib/bcprov-jdk16-140.jar
2015-05-24 06:50:53.616+0000 INFO  [o.n.k.i.DiagnosticsManager]:  [bootstrap] /usr/lib/jvm/java-7-oracle/jre/lib/sunrsasign.jar
2015-05-24 06:50:53.616+0000 INFO  [o.n.k.i.DiagnosticsManager]:  [classpath + loader.0] file:/home/clarence/Documents/theDataGeek/nlpRecommender/movieNeo4j/lib/neo4j-graph-algo-2.2.2.jar
2015-05-24 06:50:53.616+0000 INFO  [o.n.k.i.DiagnosticsManager]:  [classpath + loader.0] file:/home/clarence/Documents/theDataGeek/nlpRecommender/movieNeo4j/lib/neo4j-csv-2.2.2.jar
2015-05-24 06:50:53.616+0000 INFO  [o.n.k.i.DiagnosticsManager]:  [classpath + loader.0] file:/home/clarence/Documents/theDataGeek/nlpRecommender/movieNeo4j/system/lib/neo4j-browser-2.2.2.jar
2015-05-24 06:50:53.616+0000 INFO  [o.n.k.i.DiagnosticsManager]:  [classpath + loader.0] file:/home/clarence/Documents/theDataGeek/nlpRecommender/movieNeo4j/system/lib/janino-2.6.1.jar
2015-05-24 06:50:53.616+0000 INFO  [o.n.k.i.DiagnosticsManager]:  [classpath + loader.0] file:/home/clarence/Documents/theDataGeek/nlpRecommender/movieNeo4j/lib/parboiled-scala_2.10-1.1.7.jar
2015-05-24 06:50:53.616+0000 INFO  [o.n.k.i.DiagnosticsManager]:  [classpath + loader.0] file:/home/clarence/Documents/theDataGeek/nlpRecommender/movieNeo4j/system/lib/jackson-jaxrs-1.9.13.jar
2015-05-24 06:50:53.616+0000 INFO  [o.n.k.i.DiagnosticsManager]:  [classpath + loader.0] file:/home/clarence/Documents/theDataGeek/nlpRecommender/movieNeo4j/system/lib/jetty-security-9.2.4.v20141103.jar
2015-05-24 06:50:53.616+0000 INFO  [o.n.k.i.DiagnosticsManager]:  [classpath + loader.0] file:/home/clarence/Documents/theDataGeek/nlpRecommender/movieNeo4j/lib/neo4j-unsafe-2.2.2.jar
2015-05-24 06:50:53.616+0000 INFO  [o.n.k.i.DiagnosticsManager]:  [classpath + loader.0] file:/home/clarence/Documents/theDataGeek/nlpRecommender/movieNeo4j/system/lib/logback-core-1.1.2.jar
2015-05-24 06:50:53.616+0000 INFO  [o.n.k.i.DiagnosticsManager]:  [classpath + loader.0] file:/home/clarence/Documents/theDataGeek/nlpRecommender/movieNeo4j/system/lib/javax.servlet-api-3.1.0.jar
2015-05-24 06:50:53.616+0000 INFO  [o.n.k.i.DiagnosticsManager]:  [classpath + loader.0] file:/home/clarence/Documents/theDataGeek/nlpRecommender/movieNeo4j/system/lib/neo4j-server-2.2.2-static-web.jar
2015-05-24 06:50:53.616+0000 INFO  [o.n.k.i.DiagnosticsManager]:  [classpath + loader.0] file:/home/clarence/Documents/theDataGeek/nlpRecommender/movieNeo4j/lib/neo4j-cypher-compiler-2.0-2.0.4.jar
2015-05-24 06:50:53.616+0000 INFO  [o.n.k.i.DiagnosticsManager]:  [classpath + loader.0] file:/home/clarence/Documents/theDataGeek/nlpRecommender/movieNeo4j/system/lib/logback-classic-1.1.2.jar
2015-05-24 06:50:53.616+0000 INFO  [o.n.k.i.DiagnosticsManager]:  [classpath + loader.0] file:/home/clarence/Documents/theDataGeek/nlpRecommender/movieNeo4j/lib/neo4j-kernel-2.2.2.jar
2015-05-24 06:50:53.616+0000 INFO  [o.n.k.i.DiagnosticsManager]:  [classpath + loader.0] file:/home/clarence/Documents/theDataGeek/nlpRecommender/movieNeo4j/lib/neo4j-cypher-compiler-2.1-2.1.8.jar
2015-05-24 06:50:53.616+0000 INFO  [o.n.k.i.DiagnosticsManager]:  [classpath + loader.0] file:/home/clarence/Documents/theDataGeek/nlpRecommender/movieNeo4j/lib/lucene-core-3.6.2.jar
2015-05-24 06:50:53.616+0000 INFO  [o.n.k.i.DiagnosticsManager]:  [classpath + loader.0] file:/home/clarence/Documents/theDataGeek/nlpRecommender/movieNeo4j/lib/neo4j-udc-2.2.2.jar
2015-05-24 06:50:53.616+0000 INFO  [o.n.k.i.DiagnosticsManager]:  [classpath + loader.0] file:/home/clarence/Documents/theDataGeek/nlpRecommender/movieNeo4j/system/lib/jetty-xml-9.2.4.v20141103.jar
2015-05-24 06:50:53.616+0000 INFO  [o.n.k.i.DiagnosticsManager]:  [classpath + loader.0] file:/home/clarence/Documents/theDataGeek/nlpRecommender/movieNeo4j/system/lib/jackson-core-asl-1.9.13.jar
2015-05-24 06:50:53.616+0000 INFO  [o.n.k.i.DiagnosticsManager]:  [classpath + loader.0] file:/home/clarence/Documents/theDataGeek/nlpRecommender/movieNeo4j/system/lib/commons-beanutils-1.8.3.jar
2015-05-24 06:50:53.617+0000 INFO  [o.n.k.i.DiagnosticsManager]:  [classpath + loader.0] file:/home/clarence/Documents/theDataGeek/nlpRecommender/movieNeo4j/conf/
2015-05-24 06:50:53.617+0000 INFO  [o.n.k.i.DiagnosticsManager]:  [bootstrap] /usr/lib/jvm/java-7-oracle/jre/lib/jsse.jar
2015-05-24 06:50:53.617+0000 INFO  [o.n.k.i.DiagnosticsManager]:  [loader.1] file:/usr/lib/jvm/java-7-oracle/jre/lib/ext/localedata.jar
2015-05-24 06:50:53.617+0000 INFO  [o.n.k.i.DiagnosticsManager]:  [classpath + loader.0] file:/home/clarence/Documents/theDataGeek/nlpRecommender/movieNeo4j/lib/server-api-2.2.2.jar
2015-05-24 06:50:53.617+0000 INFO  [o.n.k.i.DiagnosticsManager]:  [loader.1] file:/usr/lib/jvm/java-7-oracle/jre/lib/ext/sunpkcs11.jar
2015-05-24 06:50:53.617+0000 INFO  [o.n.k.i.DiagnosticsManager]:  [classpath + loader.0] file:/home/clarence/Documents/theDataGeek/nlpRecommender/movieNeo4j/system/lib/jsr311-api-1.1.2.r612.jar
2015-05-24 06:50:53.617+0000 INFO  [o.n.k.i.DiagnosticsManager]:  [loader.1] file:/usr/lib/jvm/java-7-oracle/jre/lib/ext/dnsns.jar
2015-05-24 06:50:53.617+0000 INFO  [o.n.k.i.DiagnosticsManager]:  [classpath + loader.0] file:/home/clarence/Documents/theDataGeek/nlpRecommender/movieNeo4j/system/lib/jetty-server-9.2.4.v20141103.jar
2015-05-24 06:50:53.617+0000 INFO  [o.n.k.i.DiagnosticsManager]:  [classpath + loader.0] file:/home/clarence/Documents/theDataGeek/nlpRecommender/movieNeo4j/lib/neo4j-cypher-compiler-2.2-2.2.2.jar
2015-05-24 06:50:53.617+0000 INFO  [o.n.k.i.DiagnosticsManager]:  [classpath + loader.0] file:/home/clarence/Documents/theDataGeek/nlpRecommender/movieNeo4j/system/lib/rhino-1.7R4.jar
2015-05-24 06:50:53.617+0000 INFO  [o.n.k.i.DiagnosticsManager]:  [classpath + loader.0] file:/home/clarence/Documents/theDataGeek/nlpRecommender/movieNeo4j/lib/neo4j-lucene-index-2.2.2.jar
2015-05-24 06:50:53.617+0000 INFO  [o.n.k.i.DiagnosticsManager]:  [classpath + loader.0] file:/home/clarence/Documents/theDataGeek/nlpRecommender/movieNeo4j/system/lib/commons-compiler-2.6.1.jar
2015-05-24 06:50:53.617+0000 INFO  [o.n.k.i.DiagnosticsManager]:  [classpath + loader.0] file:/home/clarence/Documents/theDataGeek/nlpRecommender/movieNeo4j/system/lib/rrd4j-2.2.jar
2015-05-24 06:50:53.617+0000 INFO  [o.n.k.i.DiagnosticsManager]:  [classpath + loader.0] file:/home/clarence/Documents/theDataGeek/nlpRecommender/movieNeo4j/lib/opencsv-2.3.jar
2015-05-24 06:50:53.617+0000 INFO  [o.n.k.i.DiagnosticsManager]:  [classpath + loader.0] file:/home/clarence/Documents/theDataGeek/nlpRecommender/movieNeo4j/lib/neo4j-cypher-2.2.2.jar
2015-05-24 06:50:53.617+0000 INFO  [o.n.k.i.DiagnosticsManager]:  [bootstrap] /usr/lib/jvm/java-7-oracle/jre/lib/resources.jar
2015-05-24 06:50:53.617+0000 INFO  [o.n.k.i.DiagnosticsManager]:  [loader.1] file:/usr/lib/jvm/java-7-oracle/jre/lib/ext/zipfs.jar
2015-05-24 06:50:53.617+0000 INFO  [o.n.k.i.DiagnosticsManager]:  [classpath + loader.0] file:/home/clarence/Documents/theDataGeek/nlpRecommender/movieNeo4j/system/lib/jersey-servlet-1.18.1.jar
2015-05-24 06:50:53.617+0000 INFO  [o.n.k.i.DiagnosticsManager]:  [classpath + loader.0] file:/home/clarence/Documents/theDataGeek/nlpRecommender/movieNeo4j/system/lib/jetty-util-9.2.4.v20141103.jar
2015-05-24 06:50:53.617+0000 INFO  [o.n.k.i.DiagnosticsManager]:  [classpath + loader.0] file:/home/clarence/Documents/theDataGeek/nlpRecommender/movieNeo4j/lib/neo4j-jmx-2.2.2.jar
2015-05-24 06:50:53.617+0000 INFO  [o.n.k.i.DiagnosticsManager]:  [classpath + loader.0] file:/home/clarence/Documents/theDataGeek/nlpRecommender/movieNeo4j/system/lib/jetty-servlet-9.2.4.v20141103.jar
2015-05-24 06:50:53.617+0000 INFO  [o.n.k.i.DiagnosticsManager]:  [bootstrap] /usr/lib/jvm/java-7-oracle/jre/lib/rt.jar
2015-05-24 06:50:53.617+0000 INFO  [o.n.k.i.DiagnosticsManager]:  [loader.1] file:/usr/lib/jvm/java-7-oracle/jre/lib/ext/sunec.jar
2015-05-24 06:50:53.617+0000 INFO  [o.n.k.i.DiagnosticsManager]:  [classpath + loader.0] file:/home/clarence/Documents/theDataGeek/nlpRecommender/movieNeo4j/system/lib/commons-lang-2.6.jar
2015-05-24 06:50:53.617+0000 INFO  [o.n.k.i.DiagnosticsManager]:  [classpath + loader.0] file:/home/clarence/Documents/theDataGeek/nlpRecommender/movieNeo4j/system/lib/jersey-server-1.18.1.jar
2015-05-24 06:50:53.617+0000 INFO  [o.n.k.i.DiagnosticsManager]:  [classpath + loader.0] file:/home/clarence/Documents/theDataGeek/nlpRecommender/movieNeo4j/lib/org.apache.servicemix.bundles.jline-0.9.94_1.jar
2015-05-24 06:50:53.618+0000 INFO  [o.n.k.i.DiagnosticsManager]:  [classpath + loader.0] file:/home/clarence/Documents/theDataGeek/nlpRecommender/movieNeo4j/system/lib/scala-reflect-2.10.5.jar
2015-05-24 06:50:53.618+0000 INFO  [o.n.k.i.DiagnosticsManager]:  [classpath + loader.0] file:/home/clarence/Documents/theDataGeek/nlpRecommender/movieNeo4j/lib/neo4j-cypher-compiler-1.9-2.0.4.jar
2015-05-24 06:50:53.618+0000 INFO  [o.n.k.i.DiagnosticsManager]:  [bootstrap] /usr/lib/jvm/java-7-oracle/jre/lib/charsets.jar
2015-05-24 06:50:53.618+0000 INFO  [o.n.k.i.DiagnosticsManager]:  [classpath + loader.0] file:/home/clarence/Documents/theDataGeek/nlpRecommender/movieNeo4j/system/lib/commons-io-2.4.jar
2015-05-24 06:50:53.618+0000 INFO  [o.n.k.i.DiagnosticsManager]: Library path:
2015-05-24 06:50:53.618+0000 INFO  [o.n.k.i.DiagnosticsManager]: /usr/java/packages/lib/amd64
2015-05-24 06:50:53.618+0000 INFO  [o.n.k.i.DiagnosticsManager]: /usr/lib64
2015-05-24 06:50:53.618+0000 INFO  [o.n.k.i.DiagnosticsManager]: /lib64
2015-05-24 06:50:53.618+0000 INFO  [o.n.k.i.DiagnosticsManager]: /lib
2015-05-24 06:50:53.618+0000 INFO  [o.n.k.i.DiagnosticsManager]: /usr/lib
2015-05-24 06:50:53.618+0000 INFO  [o.n.k.i.DiagnosticsManager]: System.properties:
2015-05-24 06:50:53.618+0000 INFO  [o.n.k.i.DiagnosticsManager]: sun.boot.library.path = /usr/lib/jvm/java-7-oracle/jre/lib/amd64
2015-05-24 06:50:53.618+0000 INFO  [o.n.k.i.DiagnosticsManager]: org.neo4j.server.properties = conf/neo4j-server.properties
2015-05-24 06:50:53.618+0000 INFO  [o.n.k.i.DiagnosticsManager]: path.separator = :
2015-05-24 06:50:53.618+0000 INFO  [o.n.k.i.DiagnosticsManager]: file.encoding.pkg = sun.io
2015-05-24 06:50:53.618+0000 INFO  [o.n.k.i.DiagnosticsManager]: user.country = IN
2015-05-24 06:50:53.618+0000 INFO  [o.n.k.i.DiagnosticsManager]: sun.java.launcher = SUN_STANDARD
2015-05-24 06:50:53.619+0000 INFO  [o.n.k.i.DiagnosticsManager]: sun.os.patch.level = unknown
2015-05-24 06:50:53.619+0000 INFO  [o.n.k.i.DiagnosticsManager]: user.dir = /home/clarence/Documents/theDataGeek/nlpRecommender/movieNeo4j
2015-05-24 06:50:53.619+0000 INFO  [o.n.k.i.DiagnosticsManager]: neo4j.ext.udc.source = tarball
2015-05-24 06:50:53.619+0000 INFO  [o.n.k.i.DiagnosticsManager]: log4j.configuration = file:conf/log4j.properties
2015-05-24 06:50:53.619+0000 INFO  [o.n.k.i.DiagnosticsManager]: sun.jnu.encoding = UTF-8
2015-05-24 06:50:53.619+0000 INFO  [o.n.k.i.DiagnosticsManager]: sun.management.compiler = HotSpot 64-Bit Tiered Compilers
2015-05-24 06:50:53.619+0000 INFO  [o.n.k.i.DiagnosticsManager]: user.home = /root
2015-05-24 06:50:53.619+0000 INFO  [o.n.k.i.DiagnosticsManager]: user.timezone = Asia/Kolkata
2015-05-24 06:50:53.619+0000 INFO  [o.n.k.i.DiagnosticsManager]: file.encoding = UTF-8
2015-05-24 06:50:53.619+0000 INFO  [o.n.k.i.DiagnosticsManager]: user.name = root
2015-05-24 06:50:53.619+0000 INFO  [o.n.k.i.DiagnosticsManager]: sun.java.command = org.neo4j.server.Bootstrapper
2015-05-24 06:50:53.619+0000 INFO  [o.n.k.i.DiagnosticsManager]: sun.arch.data.model = 64
2015-05-24 06:50:53.619+0000 INFO  [o.n.k.i.DiagnosticsManager]: user.language = en
2015-05-24 06:50:53.619+0000 INFO  [o.n.k.i.DiagnosticsManager]: awt.toolkit = sun.awt.X11.XToolkit
2015-05-24 06:50:53.619+0000 INFO  [o.n.k.i.DiagnosticsManager]: file.separator = /
2015-05-24 06:50:53.619+0000 INFO  [o.n.k.i.DiagnosticsManager]: sun.io.unicode.encoding = UnicodeLittle
2015-05-24 06:50:53.619+0000 INFO  [o.n.k.i.DiagnosticsManager]: sun.cpu.endian = little
2015-05-24 06:50:53.619+0000 INFO  [o.n.k.i.DiagnosticsManager]: neo4j.instance = /home/clarence/Documents/theDataGeek/nlpRecommender/movieNeo4j
2015-05-24 06:50:53.619+0000 INFO  [o.n.k.i.DiagnosticsManager]: neo4j.home = /home/clarence/Documents/theDataGeek/nlpRecommender/movieNeo4j
2015-05-24 06:50:53.619+0000 INFO  [o.n.k.i.DiagnosticsManager]: sun.cpu.isalist = 
2015-05-24 06:50:53.619+0000 INFO  [o.n.k.i.DiagnosticsManager]: Linux scheduler information:
2015-05-24 06:50:53.621+0000 INFO  [o.n.k.i.DiagnosticsManager]: noop [deadline] cfq 
2015-05-24 06:50:53.621+0000 INFO  [o.n.k.i.DiagnosticsManager]: noop [deadline] cfq 
2015-05-24 06:50:53.621+0000 INFO  [o.n.k.i.DiagnosticsManager]: noop [deadline] cfq 
2015-05-24 06:50:53.621+0000 INFO  [o.n.k.i.DiagnosticsManager]: noop [deadline] cfq 
2015-05-24 06:50:53.621+0000 INFO  [o.n.k.i.DiagnosticsManager]: none
2015-05-24 06:50:53.621+0000 INFO  [o.n.k.i.DiagnosticsManager]: none
2015-05-24 06:50:53.621+0000 INFO  [o.n.k.i.DiagnosticsManager]: none
2015-05-24 06:50:53.622+0000 INFO  [o.n.k.i.DiagnosticsManager]: none
2015-05-24 06:50:53.622+0000 INFO  [o.n.k.i.DiagnosticsManager]: none
2015-05-24 06:50:53.622+0000 INFO  [o.n.k.i.DiagnosticsManager]: none
2015-05-24 06:50:53.622+0000 INFO  [o.n.k.i.DiagnosticsManager]: none
2015-05-24 06:50:53.622+0000 INFO  [o.n.k.i.DiagnosticsManager]: none
2015-05-24 06:50:53.622+0000 INFO  [o.n.k.i.DiagnosticsManager]: none
2015-05-24 06:50:53.622+0000 INFO  [o.n.k.i.DiagnosticsManager]: none
2015-05-24 06:50:53.622+0000 INFO  [o.n.k.i.DiagnosticsManager]: none
2015-05-24 06:50:53.623+0000 INFO  [o.n.k.i.DiagnosticsManager]: none
2015-05-24 06:50:53.623+0000 INFO  [o.n.k.i.DiagnosticsManager]: none
2015-05-24 06:50:53.623+0000 INFO  [o.n.k.i.DiagnosticsManager]: none
2015-05-24 06:50:53.623+0000 INFO  [o.n.k.i.DiagnosticsManager]: none
2015-05-24 06:50:53.623+0000 INFO  [o.n.k.i.DiagnosticsManager]: none
2015-05-24 06:50:53.623+0000 INFO  [o.n.k.i.DiagnosticsManager]: none
2015-05-24 06:50:53.623+0000 INFO  [o.n.k.i.DiagnosticsManager]: none
2015-05-24 06:50:53.624+0000 INFO  [o.n.k.i.DiagnosticsManager]: none
2015-05-24 06:50:53.624+0000 INFO  [o.n.k.i.DiagnosticsManager]: none
2015-05-24 06:50:53.624+0000 INFO  [o.n.k.i.DiagnosticsManager]: none
2015-05-24 06:50:53.624+0000 INFO  [o.n.k.i.DiagnosticsManager]: none
2015-05-24 06:50:53.624+0000 INFO  [o.n.k.i.DiagnosticsManager]: none
2015-05-24 06:50:53.624+0000 INFO  [o.n.k.i.DiagnosticsManager]: none
2015-05-24 06:50:53.624+0000 INFO  [o.n.k.i.DiagnosticsManager]: Network information:
2015-05-24 06:50:53.625+0000 INFO  [o.n.k.i.DiagnosticsManager]: Interface wlan0:
2015-05-24 06:50:53.625+0000 INFO  [o.n.k.i.DiagnosticsManager]:     address: fe80:0:0:0:9ead:97ff:fe57:8299%3
2015-05-24 06:50:53.626+0000 INFO  [o.n.k.i.DiagnosticsManager]:     address: 192.168.1.3
2015-05-24 06:50:53.626+0000 INFO  [o.n.k.i.DiagnosticsManager]: Interface lo:
2015-05-24 06:50:53.626+0000 INFO  [o.n.k.i.DiagnosticsManager]:     address: 0:0:0:0:0:0:0:1%1
2015-05-24 06:50:53.626+0000 INFO  [o.n.k.i.DiagnosticsManager]:     address: 127.0.0.1
2015-05-24 06:50:53.626+0000 INFO  [o.n.k.i.DiagnosticsManager]: --- INITIALIZED diagnostics END ---
2015-05-24 06:50:54.113+0000 INFO  [o.n.k.NeoStoreDataSource]: Opened logical log [/home/clarence/Documents/theDataGeek/nlpRecommender/movieNeo4j/data/graph.db/neostore.transaction.db.1] version=1, lastTxId=8 (clean)
2015-05-24 06:50:54.128+0000 INFO  [o.n.k.KernelHealth]: Kernel health set to OK
2015-05-24 06:50:54.759+0000 INFO  [o.n.k.i.DiagnosticsManager]: --- STARTED diagnostics for KernelDiagnostics:Versions START ---
2015-05-24 06:50:54.759+0000 INFO  [o.n.k.i.DiagnosticsManager]: Graph Database: org.neo4j.kernel.EmbeddedGraphDatabase StoreId{creationTime=1432394062741, randomId=-6651750221922602580, storeVersion=14969031248344582, upgradeTime=1432394062741, upgradeId=1}
2015-05-24 06:50:54.759+0000 INFO  [o.n.k.i.DiagnosticsManager]: Kernel version: Neo4j - Graph Database Kernel (neo4j-kernel), version: 2.2.2
2015-05-24 06:50:54.759+0000 INFO  [o.n.k.i.DiagnosticsManager]: Neo4j component versions:
2015-05-24 06:50:54.768+0000 INFO  [o.n.k.i.DiagnosticsManager]:   Neo4j - Lucene Index (neo4j-lucene-index), version: 2.2.2; revision: 2.2.2:2.2:973/0ee8628da67da8c582a299d6aa109768be6886d7
2015-05-24 06:50:54.768+0000 INFO  [o.n.k.i.DiagnosticsManager]:   Neo4j - JMX support (neo4j-jmx), version: 2.2.2; revision: 2.2.2:2.2:973/0ee8628da67da8c582a299d6aa109768be6886d7
2015-05-24 06:50:54.768+0000 INFO  [o.n.k.i.DiagnosticsManager]:   Neo4j - Graph Matching (neo4j-graph-matching), version: 2.2.2; revision: 2.2.2:2.2:973/0ee8628da67da8c582a299d6aa109768be6886d7
2015-05-24 06:50:54.768+0000 INFO  [o.n.k.i.DiagnosticsManager]:   Neo4j - Cypher Compiler 2.1 (neo4j-cypher-compiler-2.1), version: 2.1.8; revision: 2.1.8:2.1-maint:687/5c83ce3a5ddf33259593f719153ce71a6fe89fc7
2015-05-24 06:50:54.769+0000 INFO  [o.n.k.i.DiagnosticsManager]:   Neo4j - Server API (server-api), version: 2.2.2; revision: 2.2.2:2.2:973/0ee8628da67da8c582a299d6aa109768be6886d7
2015-05-24 06:50:54.769+0000 INFO  [o.n.k.i.DiagnosticsManager]:   Neo4j - Import Command Line Tool (neo4j-import-tool), version: 2.2.2; revision: 2.2.2:2.2:973/0ee8628da67da8c582a299d6aa109768be6886d7
2015-05-24 06:50:54.769+0000 INFO  [o.n.k.i.DiagnosticsManager]:   Neo4j - Graph Database Kernel (neo4j-kernel), version: 2.2.2; revision: 2.2.2:2.2:973/0ee8628da67da8c582a299d6aa109768be6886d7
2015-05-24 06:50:54.769+0000 INFO  [o.n.k.i.DiagnosticsManager]:   Neo4j - Cypher (neo4j-cypher), version: 2.2.2; revision: 2.2.2:2.2:973/0ee8628da67da8c582a299d6aa109768be6886d7
2015-05-24 06:50:54.769+0000 INFO  [o.n.k.i.DiagnosticsManager]:   Neo4j - Server (neo4j-server), version: 2.2.2; revision: 2.2.2:2.2:973/0ee8628da67da8c582a299d6aa109768be6886d7
2015-05-24 06:50:54.769+0000 INFO  [o.n.k.i.DiagnosticsManager]:   Neo4j - Graph Algorithms (neo4j-graph-algo), version: 2.2.2; revision: 2.2.2:2.2:973/0ee8628da67da8c582a299d6aa109768be6886d7
2015-05-24 06:50:54.769+0000 INFO  [o.n.k.i.DiagnosticsManager]:   Neo4j - Cypher Compiler 2.2 (neo4j-cypher-compiler-2.2), version: 2.2.2; revision: 2.2.2:2.2:973/0ee8628da67da8c582a299d6aa109768be6886d7
2015-05-24 06:50:54.769+0000 INFO  [o.n.k.i.DiagnosticsManager]:   Neo4j - Cypher Compiler 2.0 (neo4j-cypher-compiler-2.0), version: 2.0.4; revision: 2.0.4:2.0-maint:130/4a7d10bc274a5d26a180bbe9df25100e8a694748
2015-05-24 06:50:54.769+0000 INFO  [o.n.k.i.DiagnosticsManager]:   Neo4j - Consistency Checker (neo4j-consistency-check), version: 2.2.2; revision: 2.2.2:2.2:973/0ee8628da67da8c582a299d6aa109768be6886d7
2015-05-24 06:50:54.769+0000 INFO  [o.n.k.i.DiagnosticsManager]:   Neo4j - Generic shell (neo4j-shell), version: 2.2.2; revision: 2.2.2:2.2:973/0ee8628da67da8c582a299d6aa109768be6886d7
2015-05-24 06:50:54.769+0000 INFO  [o.n.k.i.DiagnosticsManager]:   Neo4j - Cypher Compiler 1.9 (neo4j-cypher-compiler-1.9), version: 2.0.4; revision: 2.0.4:2.0-maint:130/4a7d10bc274a5d26a180bbe9df25100e8a694748
2015-05-24 06:50:54.769+0000 INFO  [o.n.k.i.DiagnosticsManager]:   neo4j-udc, version: 2.2.2; revision: 2.2.2:2.2:973/0ee8628da67da8c582a299d6aa109768be6886d7
2015-05-24 06:50:54.769+0000 INFO  [o.n.k.i.DiagnosticsManager]: --- STARTED diagnostics for KernelDiagnostics:Versions END ---
2015-05-24 06:50:54.772+0000 INFO  [o.n.k.i.DiagnosticsManager]: --- STARTED diagnostics for NEO_STORE_VERSIONS START ---
2015-05-24 06:50:54.773+0000 INFO  [o.n.k.i.DiagnosticsManager]: Store versions:
2015-05-24 06:50:54.773+0000 INFO  [o.n.k.i.DiagnosticsManager]: Store versions:
2015-05-24 06:50:54.773+0000 INFO  [o.n.k.i.DiagnosticsManager]:   NeoStore v0.A.5
2015-05-24 06:50:54.773+0000 INFO  [o.n.k.i.DiagnosticsManager]:   SchemaStore v0.A.5
2015-05-24 06:50:54.773+0000 INFO  [o.n.k.i.DiagnosticsManager]:   NodeStore v0.A.5
2015-05-24 06:50:54.773+0000 INFO  [o.n.k.i.DiagnosticsManager]:   RelationshipStore v0.A.5
2015-05-24 06:50:54.773+0000 INFO  [o.n.k.i.DiagnosticsManager]:   RelationshipTypeStore v0.A.5
2015-05-24 06:50:54.773+0000 INFO  [o.n.k.i.DiagnosticsManager]:   LabelTokenStore v0.A.5
2015-05-24 06:50:54.773+0000 INFO  [o.n.k.i.DiagnosticsManager]:   PropertyStore v0.A.5
2015-05-24 06:50:54.773+0000 INFO  [o.n.k.i.DiagnosticsManager]:   PropertyIndexStore v0.A.5
2015-05-24 06:50:54.773+0000 INFO  [o.n.k.i.DiagnosticsManager]:   StringPropertyStore v0.A.5
2015-05-24 06:50:54.774+0000 INFO  [o.n.k.i.DiagnosticsManager]:   ArrayPropertyStore v0.A.5
2015-05-24 06:50:54.774+0000 INFO  [o.n.k.i.DiagnosticsManager]:   RelationshipGroupStore v0.A.5
2015-05-24 06:50:54.774+0000 INFO  [o.n.k.i.DiagnosticsManager]: --- STARTED diagnostics for NEO_STORE_VERSIONS END ---
2015-05-24 06:50:54.774+0000 INFO  [o.n.k.i.DiagnosticsManager]: --- STARTED diagnostics for NEO_STORE_ID_USAGE START ---
2015-05-24 06:50:54.774+0000 INFO  [o.n.k.i.DiagnosticsManager]: Id usage:
2015-05-24 06:50:54.774+0000 INFO  [o.n.k.i.DiagnosticsManager]: Id usage:
2015-05-24 06:50:54.774+0000 INFO  [o.n.k.i.DiagnosticsManager]:   SchemaStore: used=1 high=0
2015-05-24 06:50:54.774+0000 INFO  [o.n.k.i.DiagnosticsManager]:   NodeStore: used=100 high=99
2015-05-24 06:50:54.775+0000 INFO  [o.n.k.i.DiagnosticsManager]:   RelationshipStore: used=4950 high=4949
2015-05-24 06:50:54.775+0000 INFO  [o.n.k.i.DiagnosticsManager]:   RelationshipTypeStore: used=1 high=0
2015-05-24 06:50:54.775+0000 INFO  [o.n.k.i.DiagnosticsManager]:   LabelTokenStore: used=1 high=0
2015-05-24 06:50:54.775+0000 INFO  [o.n.k.i.DiagnosticsManager]:   PropertyStore: used=5050 high=5049
2015-05-24 06:50:54.775+0000 INFO  [o.n.k.i.DiagnosticsManager]:   PropertyIndexStore: used=3 high=2
2015-05-24 06:50:54.776+0000 INFO  [o.n.k.i.DiagnosticsManager]:   StringPropertyStore: used=1 high=0
2015-05-24 06:50:54.776+0000 INFO  [o.n.k.i.DiagnosticsManager]:   ArrayPropertyStore: used=1 high=0
2015-05-24 06:50:54.776+0000 INFO  [o.n.k.i.DiagnosticsManager]:   RelationshipGroupStore: used=101 high=100
2015-05-24 06:50:54.776+0000 INFO  [o.n.k.i.DiagnosticsManager]: --- STARTED diagnostics for NEO_STORE_ID_USAGE END ---
2015-05-24 06:50:54.777+0000 INFO  [o.n.k.i.DiagnosticsManager]: --- STARTED diagnostics for KernelDiagnostics:StoreFiles START ---
2015-05-24 06:50:54.777+0000 INFO  [o.n.k.i.DiagnosticsManager]: Disk space on partition (Total / Free / Free %): 1902351777792 / 1889974071296 / 99
Storage files: (filename : modification date - size)
2015-05-24 06:50:54.778+0000 INFO  [o.n.k.i.DiagnosticsManager]:   index:
2015-05-24 06:50:54.779+0000 INFO  [o.n.k.i.DiagnosticsManager]:   - Total: 2015-05-23T20:44:22+0530 - 0.00 B
2015-05-24 06:50:54.779+0000 INFO  [o.n.k.i.DiagnosticsManager]:   lock: 2015-05-24T12:20:53+0530 - 0.00 B
2015-05-24 06:50:54.780+0000 INFO  [o.n.k.i.DiagnosticsManager]:   messages.log: 2015-05-24T12:20:54+0530 - 71.74 kB
2015-05-24 06:50:54.780+0000 INFO  [o.n.k.i.DiagnosticsManager]:   neostore: 2015-05-24T12:20:53+0530 - 99.00 B
2015-05-24 06:50:54.781+0000 INFO  [o.n.k.i.DiagnosticsManager]:   neostore.counts.db.a: 2015-05-23T20:44:27+0530 - 114.00 B
2015-05-24 06:50:54.781+0000 INFO  [o.n.k.i.DiagnosticsManager]:   neostore.counts.db.b: 2015-05-24T12:19:32+0530 - 370.00 B
2015-05-24 06:50:54.781+0000 INFO  [o.n.k.i.DiagnosticsManager]:   neostore.id: 2015-05-24T12:20:53+0530 - 9.00 B
2015-05-24 06:50:54.782+0000 INFO  [o.n.k.i.DiagnosticsManager]:   neostore.labeltokenstore.db: 2015-05-24T12:20:53+0530 - 5.00 B
2015-05-24 06:50:54.782+0000 INFO  [o.n.k.i.DiagnosticsManager]:   neostore.labeltokenstore.db.id: 2015-05-24T12:20:53+0530 - 9.00 B
2015-05-24 06:50:54.782+0000 INFO  [o.n.k.i.DiagnosticsManager]:   neostore.labeltokenstore.db.names: 2015-05-24T12:20:53+0530 - 76.00 B
2015-05-24 06:50:54.782+0000 INFO  [o.n.k.i.DiagnosticsManager]:   neostore.labeltokenstore.db.names.id: 2015-05-24T12:20:53+0530 - 9.00 B
2015-05-24 06:50:54.783+0000 INFO  [o.n.k.i.DiagnosticsManager]:   neostore.nodestore.db: 2015-05-24T12:20:53+0530 - 1.46 kB
2015-05-24 06:50:54.783+0000 INFO  [o.n.k.i.DiagnosticsManager]:   neostore.nodestore.db.id: 2015-05-24T12:20:53+0530 - 9.00 B
2015-05-24 06:50:54.783+0000 INFO  [o.n.k.i.DiagnosticsManager]:   neostore.nodestore.db.labels: 2015-05-24T12:20:53+0530 - 68.00 B
2015-05-24 06:50:54.784+0000 INFO  [o.n.k.i.DiagnosticsManager]:   neostore.nodestore.db.labels.id: 2015-05-24T12:20:53+0530 - 9.00 B
2015-05-24 06:50:54.784+0000 INFO  [o.n.k.i.DiagnosticsManager]:   neostore.propertystore.db: 2015-05-24T12:20:53+0530 - 202.20 kB
2015-05-24 06:50:54.784+0000 INFO  [o.n.k.i.DiagnosticsManager]:   neostore.propertystore.db.arrays: 2015-05-24T12:20:53+0530 - 128.00 B
2015-05-24 06:50:54.785+0000 INFO  [o.n.k.i.DiagnosticsManager]:   neostore.propertystore.db.arrays.id: 2015-05-24T12:20:53+0530 - 9.00 B
2015-05-24 06:50:54.785+0000 INFO  [o.n.k.i.DiagnosticsManager]:   neostore.propertystore.db.id: 2015-05-24T12:20:53+0530 - 9.00 B
2015-05-24 06:50:54.785+0000 INFO  [o.n.k.i.DiagnosticsManager]:   neostore.propertystore.db.index: 2015-05-24T12:20:53+0530 - 27.00 B
2015-05-24 06:50:54.786+0000 INFO  [o.n.k.i.DiagnosticsManager]:   neostore.propertystore.db.index.id: 2015-05-24T12:20:53+0530 - 9.00 B
2015-05-24 06:50:54.786+0000 INFO  [o.n.k.i.DiagnosticsManager]:   neostore.propertystore.db.index.keys: 2015-05-24T12:20:53+0530 - 152.00 B
2015-05-24 06:50:54.787+0000 INFO  [o.n.k.i.DiagnosticsManager]:   neostore.propertystore.db.index.keys.id: 2015-05-24T12:20:53+0530 - 9.00 B
2015-05-24 06:50:54.787+0000 INFO  [o.n.k.i.DiagnosticsManager]:   neostore.propertystore.db.strings: 2015-05-24T12:20:53+0530 - 128.00 B
2015-05-24 06:50:54.787+0000 INFO  [o.n.k.i.DiagnosticsManager]:   neostore.propertystore.db.strings.id: 2015-05-24T12:20:53+0530 - 9.00 B
2015-05-24 06:50:54.787+0000 INFO  [o.n.k.i.DiagnosticsManager]:   neostore.relationshipgroupstore.db: 2015-05-24T12:20:53+0530 - 2.47 kB
2015-05-24 06:50:54.788+0000 INFO  [o.n.k.i.DiagnosticsManager]:   neostore.relationshipgroupstore.db.id: 2015-05-24T12:20:53+0530 - 9.00 B
2015-05-24 06:50:54.788+0000 INFO  [o.n.k.i.DiagnosticsManager]:   neostore.relationshipstore.db: 2015-05-24T12:20:53+0530 - 164.36 kB
2015-05-24 06:50:54.788+0000 INFO  [o.n.k.i.DiagnosticsManager]:   neostore.relationshipstore.db.id: 2015-05-24T12:20:53+0530 - 9.00 B
2015-05-24 06:50:54.788+0000 INFO  [o.n.k.i.DiagnosticsManager]:   neostore.relationshiptypestore.db: 2015-05-24T12:20:53+0530 - 5.00 B
2015-05-24 06:50:54.789+0000 INFO  [o.n.k.i.DiagnosticsManager]:   neostore.relationshiptypestore.db.id: 2015-05-24T12:20:53+0530 - 9.00 B
2015-05-24 06:50:54.789+0000 INFO  [o.n.k.i.DiagnosticsManager]:   neostore.relationshiptypestore.db.names: 2015-05-24T12:20:53+0530 - 76.00 B
2015-05-24 06:50:54.789+0000 INFO  [o.n.k.i.DiagnosticsManager]:   neostore.relationshiptypestore.db.names.id: 2015-05-24T12:20:53+0530 - 9.00 B
2015-05-24 06:50:54.789+0000 INFO  [o.n.k.i.DiagnosticsManager]:   neostore.schemastore.db: 2015-05-24T12:20:53+0530 - 64.00 B
2015-05-24 06:50:54.790+0000 INFO  [o.n.k.i.DiagnosticsManager]:   neostore.schemastore.db.id: 2015-05-24T12:20:53+0530 - 9.00 B
2015-05-24 06:50:54.790+0000 INFO  [o.n.k.i.DiagnosticsManager]:   neostore.transaction.db.0: 2015-05-23T20:45:29+0530 - 824.59 kB
2015-05-24 06:50:54.790+0000 INFO  [o.n.k.i.DiagnosticsManager]:   neostore.transaction.db.1: 2015-05-24T12:20:54+0530 - 16.00 B
2015-05-24 06:50:54.790+0000 INFO  [o.n.k.i.DiagnosticsManager]:   rrd: 2015-05-24T12:19:19+0530 - 1.93 MB
2015-05-24 06:50:54.790+0000 INFO  [o.n.k.i.DiagnosticsManager]:   schema:
2015-05-24 06:50:54.791+0000 INFO  [o.n.k.i.DiagnosticsManager]:     label:
2015-05-24 06:50:54.791+0000 INFO  [o.n.k.i.DiagnosticsManager]:       lucene:
2015-05-24 06:50:54.791+0000 INFO  [o.n.k.i.DiagnosticsManager]:         _0.cfs: 2015-05-23T20:45:09+0530 - 309.00 B
2015-05-24 06:50:54.791+0000 INFO  [o.n.k.i.DiagnosticsManager]:         segments.gen: 2015-05-24T12:19:32+0530 - 20.00 B
2015-05-24 06:50:54.792+0000 INFO  [o.n.k.i.DiagnosticsManager]:         segments_1: 2015-05-24T12:19:32+0530 - 250.00 B
2015-05-24 06:50:54.792+0000 INFO  [o.n.k.i.DiagnosticsManager]:         write.lock: 2015-05-24T12:20:54+0530 - 0.00 B
2015-05-24 06:50:54.792+0000 INFO  [o.n.k.i.DiagnosticsManager]:       - Total: 2015-05-24T12:20:54+0530 - 579.00 B
2015-05-24 06:50:54.792+0000 INFO  [o.n.k.i.DiagnosticsManager]:     - Total: 2015-05-23T20:44:27+0530 - 579.00 B
2015-05-24 06:50:54.793+0000 INFO  [o.n.k.i.DiagnosticsManager]:   - Total: 2015-05-23T20:44:27+0530 - 579.00 B
2015-05-24 06:50:54.793+0000 INFO  [o.n.k.i.DiagnosticsManager]:   store_lock: 2015-05-23T20:44:22+0530 - 0.00 B
2015-05-24 06:50:54.793+0000 INFO  [o.n.k.i.DiagnosticsManager]: --- STARTED diagnostics for KernelDiagnostics:StoreFiles END ---
2015-05-24 06:50:54.839+0000 INFO  [o.n.k.EmbeddedGraphDatabase]: Database is now ready
2015-05-24 06:50:54.839+0000 INFO  [o.n.s.d.LifecycleManagingDatabase]: Successfully started database
2015-05-24 06:50:54.842+0000 INFO  [o.n.k.i.DiagnosticsManager]: --- SERVER STARTED START ---
2015-05-24 06:50:54.899+0000 INFO  [o.n.s.CommunityNeoServer]: Starting HTTP on port :7474 with 4 threads available
2015-05-24 06:50:55.080+0000 INFO  [o.n.s.CommunityNeoServer]: Enabling HTTPS on port :7473
2015-05-24 06:50:55.234+0000 INFO  [o.n.s.w.Jetty9WebServer]: Mounting static content at [/webadmin] from [webadmin-html]
2015-05-24 06:50:55.293+0000 INFO  [o.n.s.w.Jetty9WebServer]: Mounting static content at [/browser] from [browser]
2015-05-24 06:50:56.744+0000 INFO  [o.n.s.CommunityNeoServer]: Server started on: http://localhost:7474/
2015-05-24 06:50:56.744+0000 INFO  [o.n.s.CommunityNeoServer]: Remote interface ready and available at [http://localhost:7474/]
2015-05-24 06:50:56.744+0000 INFO  [o.n.k.i.DiagnosticsManager]: --- SERVER STARTED END ---
2015-05-24 06:51:26.943+0000 INFO  [o.n.s.CommunityBootstrapper]: Neo4j Server shutdown initiated by request
2015-05-24 06:51:27.026+0000 INFO  [o.n.s.CommunityNeoServer]: Successfully shutdown Neo4j Server.
2015-05-24 06:51:27.027+0000 INFO  [o.n.k.EmbeddedGraphDatabase]: Shutdown started
2015-05-24 06:51:27.027+0000 INFO  [o.n.k.EmbeddedGraphDatabase]: Database is now unavailable
2015-05-24 06:51:28.370+0000 INFO  [o.n.k.NeoStoreDataSource]: NeoStore closed
2015-05-24 06:51:28.370+0000 INFO  [o.n.k.i.DiagnosticsManager]: --- STOPPING diagnostics START ---
2015-05-24 06:51:28.370+0000 INFO  [o.n.k.i.DiagnosticsManager]: --- STOPPING diagnostics END ---
2015-05-24 06:51:28.377+0000 INFO  [o.n.s.d.LifecycleManagingDatabase]: Successfully stopped database
2015-05-24 06:51:28.378+0000 INFO  [o.n.s.CommunityNeoServer]: Successfully shutdown database.
