2015-05-23 15:14:22.269+0000 INFO  [API] Setting startup timeout to: 120000ms based on 120000
2015-05-23 15:14:28.595+0000 INFO  [API] Successfully started database
2015-05-23 15:14:28.689+0000 INFO  [API] Starting HTTP on port :7474 with 4 threads available
2015-05-23 15:14:28.950+0000 INFO  [API] Enabling HTTPS on port :7473
2015-05-23 15:14:28.951+0000 INFO  [API] No SSL certificate found, generating a self-signed certificate..
20:44:29.286 [main] INFO  org.eclipse.jetty.util.log - Logging initialized @7747ms
2015-05-23 15:14:29.329+0000 INFO  [API] Mounting static content at [/webadmin] from [webadmin-html]
2015-05-23 15:14:29.364+0000 INFO  [API] Mounting static content at [/browser] from [browser]
20:44:29.366 [main] INFO  org.eclipse.jetty.server.Server - jetty-9.2.4.v20141103
20:44:29.382 [main] INFO  o.e.j.server.handler.ContextHandler - Started o.e.j.s.h.MovedContextHandler@96c3c02{/,null,AVAILABLE}
20:44:29.472 [main] INFO  o.e.j.w.StandardDescriptorProcessor - NO JSP Support for /webadmin, did not find org.apache.jasper.servlet.JspServlet
20:44:29.484 [main] INFO  o.e.j.server.handler.ContextHandler - Started o.e.j.w.WebAppContext@662d1aa8{/webadmin,jar:file:/home/clarence/movieNeo4j/system/lib/neo4j-server-2.2.2-static-web.jar!/webadmin-html,AVAILABLE}
20:44:29.949 [main] INFO  o.e.j.server.handler.ContextHandler - Started o.e.j.s.ServletContextHandler@5e57abe4{/db/manage,null,AVAILABLE}
20:44:30.199 [main] INFO  o.e.j.server.handler.ContextHandler - Started o.e.j.s.ServletContextHandler@633a37bb{/db/data,null,AVAILABLE}
20:44:30.216 [main] INFO  o.e.j.w.StandardDescriptorProcessor - NO JSP Support for /browser, did not find org.apache.jasper.servlet.JspServlet
20:44:30.217 [main] INFO  o.e.j.server.handler.ContextHandler - Started o.e.j.w.WebAppContext@60d41425{/browser,jar:file:/home/clarence/movieNeo4j/system/lib/neo4j-browser-2.2.2.jar!/browser,AVAILABLE}
20:44:30.323 [main] INFO  o.e.j.server.handler.ContextHandler - Started o.e.j.s.ServletContextHandler@434a346c{/,null,AVAILABLE}
20:44:30.331 [main] INFO  o.e.jetty.server.ServerConnector - Started ServerConnector@97518b6{HTTP/1.1}{localhost:7474}
20:44:30.719 [main] INFO  o.e.jetty.server.ServerConnector - Started ServerConnector@25455984{SSL-HTTP/1.1}{localhost:7473}
20:44:30.719 [main] INFO  org.eclipse.jetty.server.Server - Started @9187ms
2015-05-23 15:14:30.719+0000 INFO  [API] Server started on: http://localhost:7474/
2015-05-23 15:14:30.720+0000 INFO  [API] Remote interface ready and available at [http://localhost:7474/]
2015-05-23 15:14:43.908+0000 INFO  [API] Failed authentication attempt for 'neo4j' from 127.0.0.1
2015-05-23 15:14:43.935+0000 INFO  [API] Failed authentication attempt for 'neo4j' from 127.0.0.1
2015-05-24 06:49:32.674+0000 INFO  [API] Neo4j Server shutdown initiated by request
12:19:32.679 [Thread-13] INFO  o.e.jetty.server.ServerConnector - Stopped ServerConnector@97518b6{HTTP/1.1}{localhost:7474}
12:19:32.679 [Thread-13] INFO  o.e.jetty.server.ServerConnector - Stopped ServerConnector@25455984{SSL-HTTP/1.1}{localhost:7473}
12:19:32.680 [Thread-13] INFO  o.e.j.server.handler.ContextHandler - Stopped o.e.j.s.ServletContextHandler@434a346c{/,null,UNAVAILABLE}
12:19:32.682 [Thread-13] INFO  o.e.j.server.handler.ContextHandler - Stopped o.e.j.w.WebAppContext@60d41425{/browser,jar:file:/home/clarence/movieNeo4j/system/lib/neo4j-browser-2.2.2.jar!/browser,UNAVAILABLE}
12:19:32.682 [Thread-13] INFO  o.e.j.server.handler.ContextHandler - Stopped o.e.j.s.ServletContextHandler@633a37bb{/db/data,null,UNAVAILABLE}
12:19:32.682 [Thread-13] INFO  o.e.j.server.handler.ContextHandler - Stopped o.e.j.s.ServletContextHandler@5e57abe4{/db/manage,null,UNAVAILABLE}
12:19:32.683 [Thread-13] INFO  o.e.j.server.handler.ContextHandler - Stopped o.e.j.w.WebAppContext@662d1aa8{/webadmin,jar:file:/home/clarence/movieNeo4j/system/lib/neo4j-server-2.2.2-static-web.jar!/webadmin-html,UNAVAILABLE}
12:19:32.683 [Thread-13] INFO  o.e.j.server.handler.ContextHandler - Stopped o.e.j.s.h.MovedContextHandler@96c3c02{/,null,UNAVAILABLE}
2015-05-24 06:49:32.758+0000 INFO  [API] Successfully shutdown Neo4j Server.
2015-05-24 06:49:34.073+0000 INFO  [API] Successfully stopped database
2015-05-24 06:49:34.074+0000 INFO  [API] Successfully shutdown database.
2015-05-24 06:50:53.304+0000 INFO  [API] Setting startup timeout to: 120000ms based on 120000
2015-05-24 06:50:54.839+0000 INFO  [API] Successfully started database
2015-05-24 06:50:54.899+0000 INFO  [API] Starting HTTP on port :7474 with 4 threads available
2015-05-24 06:50:55.080+0000 INFO  [API] Enabling HTTPS on port :7473
12:20:55.187 [main] INFO  org.eclipse.jetty.util.log - Logging initialized @2597ms
2015-05-24 06:50:55.234+0000 INFO  [API] Mounting static content at [/webadmin] from [webadmin-html]
2015-05-24 06:50:55.293+0000 INFO  [API] Mounting static content at [/browser] from [browser]
12:20:55.296 [main] INFO  org.eclipse.jetty.server.Server - jetty-9.2.4.v20141103
12:20:55.313 [main] INFO  o.e.j.server.handler.ContextHandler - Started o.e.j.s.h.MovedContextHandler@676ac075{/,null,AVAILABLE}
12:20:55.396 [main] INFO  o.e.j.w.StandardDescriptorProcessor - NO JSP Support for /webadmin, did not find org.apache.jasper.servlet.JspServlet
12:20:55.409 [main] INFO  o.e.j.server.handler.ContextHandler - Started o.e.j.w.WebAppContext@261f5075{/webadmin,jar:file:/home/clarence/Documents/theDataGeek/nlpRecommender/movieNeo4j/system/lib/neo4j-server-2.2.2-static-web.jar!/webadmin-html,AVAILABLE}
12:20:55.917 [main] INFO  o.e.j.server.handler.ContextHandler - Started o.e.j.s.ServletContextHandler@3ef64e49{/db/manage,null,AVAILABLE}
12:20:56.197 [main] INFO  o.e.j.server.handler.ContextHandler - Started o.e.j.s.ServletContextHandler@6b2ff6af{/db/data,null,AVAILABLE}
12:20:56.218 [main] INFO  o.e.j.w.StandardDescriptorProcessor - NO JSP Support for /browser, did not find org.apache.jasper.servlet.JspServlet
12:20:56.219 [main] INFO  o.e.j.server.handler.ContextHandler - Started o.e.j.w.WebAppContext@7461c98b{/browser,jar:file:/home/clarence/Documents/theDataGeek/nlpRecommender/movieNeo4j/system/lib/neo4j-browser-2.2.2.jar!/browser,AVAILABLE}
12:20:56.316 [main] INFO  o.e.j.server.handler.ContextHandler - Started o.e.j.s.ServletContextHandler@79ac9fe8{/,null,AVAILABLE}
12:20:56.324 [main] INFO  o.e.jetty.server.ServerConnector - Started ServerConnector@5d9796d3{HTTP/1.1}{localhost:7474}
12:20:56.743 [main] INFO  o.e.jetty.server.ServerConnector - Started ServerConnector@20374add{SSL-HTTP/1.1}{localhost:7473}
12:20:56.743 [main] INFO  org.eclipse.jetty.server.Server - Started @4158ms
2015-05-24 06:50:56.744+0000 INFO  [API] Server started on: http://localhost:7474/
2015-05-24 06:50:56.744+0000 INFO  [API] Remote interface ready and available at [http://localhost:7474/]
2015-05-24 06:51:26.943+0000 INFO  [API] Neo4j Server shutdown initiated by request
12:21:26.953 [Thread-13] INFO  o.e.jetty.server.ServerConnector - Stopped ServerConnector@5d9796d3{HTTP/1.1}{localhost:7474}
12:21:26.955 [Thread-13] INFO  o.e.jetty.server.ServerConnector - Stopped ServerConnector@20374add{SSL-HTTP/1.1}{localhost:7473}
12:21:26.958 [Thread-13] INFO  o.e.j.server.handler.ContextHandler - Stopped o.e.j.s.ServletContextHandler@79ac9fe8{/,null,UNAVAILABLE}
12:21:26.963 [Thread-13] INFO  o.e.j.server.handler.ContextHandler - Stopped o.e.j.w.WebAppContext@7461c98b{/browser,jar:file:/home/clarence/Documents/theDataGeek/nlpRecommender/movieNeo4j/system/lib/neo4j-browser-2.2.2.jar!/browser,UNAVAILABLE}
12:21:26.964 [Thread-13] INFO  o.e.j.server.handler.ContextHandler - Stopped o.e.j.s.ServletContextHandler@6b2ff6af{/db/data,null,UNAVAILABLE}
12:21:26.964 [Thread-13] INFO  o.e.j.server.handler.ContextHandler - Stopped o.e.j.s.ServletContextHandler@3ef64e49{/db/manage,null,UNAVAILABLE}
12:21:26.965 [Thread-13] INFO  o.e.j.server.handler.ContextHandler - Stopped o.e.j.w.WebAppContext@261f5075{/webadmin,jar:file:/home/clarence/Documents/theDataGeek/nlpRecommender/movieNeo4j/system/lib/neo4j-server-2.2.2-static-web.jar!/webadmin-html,UNAVAILABLE}
12:21:26.966 [Thread-13] INFO  o.e.j.server.handler.ContextHandler - Stopped o.e.j.s.h.MovedContextHandler@676ac075{/,null,UNAVAILABLE}
2015-05-24 06:51:27.026+0000 INFO  [API] Successfully shutdown Neo4j Server.
2015-05-24 06:51:28.377+0000 INFO  [API] Successfully stopped database
2015-05-24 06:51:28.378+0000 INFO  [API] Successfully shutdown database.
